#! /c/Source/iverilog-install/bin/vvp
:ivl_version "12.0 (devel)" "(s20150603-1539-g2693dd32b)";
:ivl_delay_selection "TYPICAL";
:vpi_time_precision - 9;
:vpi_module "D:\experiment\iVerilog\lib\ivl\system.vpi";
:vpi_module "D:\experiment\iVerilog\lib\ivl\vhdl_sys.vpi";
:vpi_module "D:\experiment\iVerilog\lib\ivl\vhdl_textio.vpi";
:vpi_module "D:\experiment\iVerilog\lib\ivl\v2005_math.vpi";
:vpi_module "D:\experiment\iVerilog\lib\ivl\va_math.vpi";
:vpi_module "D:\experiment\iVerilog\lib\ivl\v2009.vpi";
S_000002a276332610 .scope package, "$unit" "$unit" 2 1;
 .timescale 0 0;
S_000002a27632f9a0 .scope module, "sc_official_sort_tb" "sc_official_sort_tb" 3 2;
 .timescale -9 -9;
v000002a2766d15f0_0 .var "clk", 0 0;
v000002a2766d1550_0 .var/i "errors", 31 0;
v000002a2766d0bf0_0 .var/i "i", 31 0;
v000002a2766d1730_0 .net "reg_data", 31 0, L_000002a2766d2840;  1 drivers
v000002a2766d0150_0 .var "reg_sel", 4 0;
v000002a2766d0d30_0 .var "rstn", 0 0;
S_000002a2763347f0 .scope module, "dut" "sccomp" 3 5, 4 2 0, S_000002a27632f9a0;
 .timescale -9 -9;
    .port_info 0 /INPUT 1 "clk";
    .port_info 1 /INPUT 1 "rstn";
    .port_info 2 /INPUT 5 "reg_sel";
    .port_info 3 /OUTPUT 32 "reg_data";
    .port_info 4 /OUTPUT 32 "pc_debug";
    .port_info 5 /OUTPUT 32 "sid_original";
    .port_info 6 /OUTPUT 32 "sid_sorted";
L_000002a2763285e0 .functor BUFZ 1, v000002a2766d0d30_0, C4<0>, C4<0>, C4<0>;
L_000002a276327d90 .functor BUFZ 32, v000002a27631f7c0_0, C4<00000000000000000000000000000000>, C4<00000000000000000000000000000000>, C4<00000000000000000000000000000000>;
v000002a2766d1050_0 .net "MemWrite", 0 0, v000002a2766cec80_0;  1 drivers
v000002a2766d1190_0 .net "PC", 31 0, v000002a27631f7c0_0;  1 drivers
v000002a2766d1230_0 .net "clk", 0 0, v000002a2766d15f0_0;  1 drivers
v000002a2766d05b0_0 .net "dm_addr", 31 0, L_000002a276327a10;  1 drivers
v000002a2766d0b50_0 .net "dm_din", 31 0, L_000002a276327a80;  1 drivers
v000002a2766d1d70_0 .net "dm_dout", 31 0, v000002a2763204e0_0;  1 drivers
v000002a2766d0a10_0 .net "instr", 31 0, L_000002a276327b60;  1 drivers
v000002a2766d1a50_0 .net "pc_debug", 31 0, L_000002a276327d90;  1 drivers
v000002a2766d1370_0 .net "reg_data", 31 0, L_000002a2766d2840;  alias, 1 drivers
v000002a2766d0830_0 .net "reg_sel", 4 0, v000002a2766d0150_0;  1 drivers
v000002a2766d1e10_0 .net "reset", 0 0, L_000002a2763285e0;  1 drivers
v000002a2766d0650_0 .net "rstn", 0 0, v000002a2766d0d30_0;  1 drivers
v000002a2766d0ab0_0 .net "sid_original", 31 0, L_000002a276327af0;  1 drivers
v000002a2766d1ff0_0 .net "sid_sorted", 31 0, L_000002a2763280a0;  1 drivers
L_000002a2766d25c0 .part v000002a27631f7c0_0, 2, 30;
S_000002a276331bc0 .scope module, "U_DM" "dm" 4 33, 5 3 0, S_000002a2763347f0;
 .timescale -9 -9;
    .port_info 0 /INPUT 1 "clk";
    .port_info 1 /INPUT 1 "DMWr";
    .port_info 2 /INPUT 32 "addr";
    .port_info 3 /INPUT 32 "din";
    .port_info 4 /OUTPUT 32 "dout";
    .port_info 5 /OUTPUT 32 "sid_original";
    .port_info 6 /OUTPUT 32 "sid_sorted";
v000002a276320080_96 .array/port v000002a276320080, 96;
L_000002a276327af0 .functor BUFZ 32, v000002a276320080_96, C4<00000000000000000000000000000000>, C4<00000000000000000000000000000000>, C4<00000000000000000000000000000000>;
v000002a276320080_97 .array/port v000002a276320080, 97;
L_000002a2763280a0 .functor BUFZ 32, v000002a276320080_97, C4<00000000000000000000000000000000>, C4<00000000000000000000000000000000>, C4<00000000000000000000000000000000>;
v000002a27631f360_0 .net "DMWr", 0 0, v000002a2766cec80_0;  alias, 1 drivers
v000002a2763203a0_0 .net "addr", 31 0, L_000002a276327a10;  alias, 1 drivers
v000002a27631e820_0 .net "clk", 0 0, v000002a2766d15f0_0;  alias, 1 drivers
v000002a27631eaa0_0 .net "din", 31 0, L_000002a276327a80;  alias, 1 drivers
v000002a276320080 .array "dmem", 0 127, 31 0;
v000002a2763204e0_0 .var "dout", 31 0;
v000002a27631e780_0 .net "sid_original", 31 0, L_000002a276327af0;  alias, 1 drivers
v000002a276320120_0 .net "sid_sorted", 31 0, L_000002a2763280a0;  alias, 1 drivers
v000002a276320080_0 .array/port v000002a276320080, 0;
v000002a276320080_1 .array/port v000002a276320080, 1;
v000002a276320080_2 .array/port v000002a276320080, 2;
E_000002a27631b2f0/0 .event anyedge, v000002a2763203a0_0, v000002a276320080_0, v000002a276320080_1, v000002a276320080_2;
v000002a276320080_3 .array/port v000002a276320080, 3;
v000002a276320080_4 .array/port v000002a276320080, 4;
v000002a276320080_5 .array/port v000002a276320080, 5;
v000002a276320080_6 .array/port v000002a276320080, 6;
E_000002a27631b2f0/1 .event anyedge, v000002a276320080_3, v000002a276320080_4, v000002a276320080_5, v000002a276320080_6;
v000002a276320080_7 .array/port v000002a276320080, 7;
v000002a276320080_8 .array/port v000002a276320080, 8;
v000002a276320080_9 .array/port v000002a276320080, 9;
v000002a276320080_10 .array/port v000002a276320080, 10;
E_000002a27631b2f0/2 .event anyedge, v000002a276320080_7, v000002a276320080_8, v000002a276320080_9, v000002a276320080_10;
v000002a276320080_11 .array/port v000002a276320080, 11;
v000002a276320080_12 .array/port v000002a276320080, 12;
v000002a276320080_13 .array/port v000002a276320080, 13;
v000002a276320080_14 .array/port v000002a276320080, 14;
E_000002a27631b2f0/3 .event anyedge, v000002a276320080_11, v000002a276320080_12, v000002a276320080_13, v000002a276320080_14;
v000002a276320080_15 .array/port v000002a276320080, 15;
v000002a276320080_16 .array/port v000002a276320080, 16;
v000002a276320080_17 .array/port v000002a276320080, 17;
v000002a276320080_18 .array/port v000002a276320080, 18;
E_000002a27631b2f0/4 .event anyedge, v000002a276320080_15, v000002a276320080_16, v000002a276320080_17, v000002a276320080_18;
v000002a276320080_19 .array/port v000002a276320080, 19;
v000002a276320080_20 .array/port v000002a276320080, 20;
v000002a276320080_21 .array/port v000002a276320080, 21;
v000002a276320080_22 .array/port v000002a276320080, 22;
E_000002a27631b2f0/5 .event anyedge, v000002a276320080_19, v000002a276320080_20, v000002a276320080_21, v000002a276320080_22;
v000002a276320080_23 .array/port v000002a276320080, 23;
v000002a276320080_24 .array/port v000002a276320080, 24;
v000002a276320080_25 .array/port v000002a276320080, 25;
v000002a276320080_26 .array/port v000002a276320080, 26;
E_000002a27631b2f0/6 .event anyedge, v000002a276320080_23, v000002a276320080_24, v000002a276320080_25, v000002a276320080_26;
v000002a276320080_27 .array/port v000002a276320080, 27;
v000002a276320080_28 .array/port v000002a276320080, 28;
v000002a276320080_29 .array/port v000002a276320080, 29;
v000002a276320080_30 .array/port v000002a276320080, 30;
E_000002a27631b2f0/7 .event anyedge, v000002a276320080_27, v000002a276320080_28, v000002a276320080_29, v000002a276320080_30;
v000002a276320080_31 .array/port v000002a276320080, 31;
v000002a276320080_32 .array/port v000002a276320080, 32;
v000002a276320080_33 .array/port v000002a276320080, 33;
v000002a276320080_34 .array/port v000002a276320080, 34;
E_000002a27631b2f0/8 .event anyedge, v000002a276320080_31, v000002a276320080_32, v000002a276320080_33, v000002a276320080_34;
v000002a276320080_35 .array/port v000002a276320080, 35;
v000002a276320080_36 .array/port v000002a276320080, 36;
v000002a276320080_37 .array/port v000002a276320080, 37;
v000002a276320080_38 .array/port v000002a276320080, 38;
E_000002a27631b2f0/9 .event anyedge, v000002a276320080_35, v000002a276320080_36, v000002a276320080_37, v000002a276320080_38;
v000002a276320080_39 .array/port v000002a276320080, 39;
v000002a276320080_40 .array/port v000002a276320080, 40;
v000002a276320080_41 .array/port v000002a276320080, 41;
v000002a276320080_42 .array/port v000002a276320080, 42;
E_000002a27631b2f0/10 .event anyedge, v000002a276320080_39, v000002a276320080_40, v000002a276320080_41, v000002a276320080_42;
v000002a276320080_43 .array/port v000002a276320080, 43;
v000002a276320080_44 .array/port v000002a276320080, 44;
v000002a276320080_45 .array/port v000002a276320080, 45;
v000002a276320080_46 .array/port v000002a276320080, 46;
E_000002a27631b2f0/11 .event anyedge, v000002a276320080_43, v000002a276320080_44, v000002a276320080_45, v000002a276320080_46;
v000002a276320080_47 .array/port v000002a276320080, 47;
v000002a276320080_48 .array/port v000002a276320080, 48;
v000002a276320080_49 .array/port v000002a276320080, 49;
v000002a276320080_50 .array/port v000002a276320080, 50;
E_000002a27631b2f0/12 .event anyedge, v000002a276320080_47, v000002a276320080_48, v000002a276320080_49, v000002a276320080_50;
v000002a276320080_51 .array/port v000002a276320080, 51;
v000002a276320080_52 .array/port v000002a276320080, 52;
v000002a276320080_53 .array/port v000002a276320080, 53;
v000002a276320080_54 .array/port v000002a276320080, 54;
E_000002a27631b2f0/13 .event anyedge, v000002a276320080_51, v000002a276320080_52, v000002a276320080_53, v000002a276320080_54;
v000002a276320080_55 .array/port v000002a276320080, 55;
v000002a276320080_56 .array/port v000002a276320080, 56;
v000002a276320080_57 .array/port v000002a276320080, 57;
v000002a276320080_58 .array/port v000002a276320080, 58;
E_000002a27631b2f0/14 .event anyedge, v000002a276320080_55, v000002a276320080_56, v000002a276320080_57, v000002a276320080_58;
v000002a276320080_59 .array/port v000002a276320080, 59;
v000002a276320080_60 .array/port v000002a276320080, 60;
v000002a276320080_61 .array/port v000002a276320080, 61;
v000002a276320080_62 .array/port v000002a276320080, 62;
E_000002a27631b2f0/15 .event anyedge, v000002a276320080_59, v000002a276320080_60, v000002a276320080_61, v000002a276320080_62;
v000002a276320080_63 .array/port v000002a276320080, 63;
v000002a276320080_64 .array/port v000002a276320080, 64;
v000002a276320080_65 .array/port v000002a276320080, 65;
v000002a276320080_66 .array/port v000002a276320080, 66;
E_000002a27631b2f0/16 .event anyedge, v000002a276320080_63, v000002a276320080_64, v000002a276320080_65, v000002a276320080_66;
v000002a276320080_67 .array/port v000002a276320080, 67;
v000002a276320080_68 .array/port v000002a276320080, 68;
v000002a276320080_69 .array/port v000002a276320080, 69;
v000002a276320080_70 .array/port v000002a276320080, 70;
E_000002a27631b2f0/17 .event anyedge, v000002a276320080_67, v000002a276320080_68, v000002a276320080_69, v000002a276320080_70;
v000002a276320080_71 .array/port v000002a276320080, 71;
v000002a276320080_72 .array/port v000002a276320080, 72;
v000002a276320080_73 .array/port v000002a276320080, 73;
v000002a276320080_74 .array/port v000002a276320080, 74;
E_000002a27631b2f0/18 .event anyedge, v000002a276320080_71, v000002a276320080_72, v000002a276320080_73, v000002a276320080_74;
v000002a276320080_75 .array/port v000002a276320080, 75;
v000002a276320080_76 .array/port v000002a276320080, 76;
v000002a276320080_77 .array/port v000002a276320080, 77;
v000002a276320080_78 .array/port v000002a276320080, 78;
E_000002a27631b2f0/19 .event anyedge, v000002a276320080_75, v000002a276320080_76, v000002a276320080_77, v000002a276320080_78;
v000002a276320080_79 .array/port v000002a276320080, 79;
v000002a276320080_80 .array/port v000002a276320080, 80;
v000002a276320080_81 .array/port v000002a276320080, 81;
v000002a276320080_82 .array/port v000002a276320080, 82;
E_000002a27631b2f0/20 .event anyedge, v000002a276320080_79, v000002a276320080_80, v000002a276320080_81, v000002a276320080_82;
v000002a276320080_83 .array/port v000002a276320080, 83;
v000002a276320080_84 .array/port v000002a276320080, 84;
v000002a276320080_85 .array/port v000002a276320080, 85;
v000002a276320080_86 .array/port v000002a276320080, 86;
E_000002a27631b2f0/21 .event anyedge, v000002a276320080_83, v000002a276320080_84, v000002a276320080_85, v000002a276320080_86;
v000002a276320080_87 .array/port v000002a276320080, 87;
v000002a276320080_88 .array/port v000002a276320080, 88;
v000002a276320080_89 .array/port v000002a276320080, 89;
v000002a276320080_90 .array/port v000002a276320080, 90;
E_000002a27631b2f0/22 .event anyedge, v000002a276320080_87, v000002a276320080_88, v000002a276320080_89, v000002a276320080_90;
v000002a276320080_91 .array/port v000002a276320080, 91;
v000002a276320080_92 .array/port v000002a276320080, 92;
v000002a276320080_93 .array/port v000002a276320080, 93;
v000002a276320080_94 .array/port v000002a276320080, 94;
E_000002a27631b2f0/23 .event anyedge, v000002a276320080_91, v000002a276320080_92, v000002a276320080_93, v000002a276320080_94;
v000002a276320080_95 .array/port v000002a276320080, 95;
v000002a276320080_98 .array/port v000002a276320080, 98;
E_000002a27631b2f0/24 .event anyedge, v000002a276320080_95, v000002a276320080_96, v000002a276320080_97, v000002a276320080_98;
v000002a276320080_99 .array/port v000002a276320080, 99;
v000002a276320080_100 .array/port v000002a276320080, 100;
v000002a276320080_101 .array/port v000002a276320080, 101;
v000002a276320080_102 .array/port v000002a276320080, 102;
E_000002a27631b2f0/25 .event anyedge, v000002a276320080_99, v000002a276320080_100, v000002a276320080_101, v000002a276320080_102;
v000002a276320080_103 .array/port v000002a276320080, 103;
v000002a276320080_104 .array/port v000002a276320080, 104;
v000002a276320080_105 .array/port v000002a276320080, 105;
v000002a276320080_106 .array/port v000002a276320080, 106;
E_000002a27631b2f0/26 .event anyedge, v000002a276320080_103, v000002a276320080_104, v000002a276320080_105, v000002a276320080_106;
v000002a276320080_107 .array/port v000002a276320080, 107;
v000002a276320080_108 .array/port v000002a276320080, 108;
v000002a276320080_109 .array/port v000002a276320080, 109;
v000002a276320080_110 .array/port v000002a276320080, 110;
E_000002a27631b2f0/27 .event anyedge, v000002a276320080_107, v000002a276320080_108, v000002a276320080_109, v000002a276320080_110;
v000002a276320080_111 .array/port v000002a276320080, 111;
v000002a276320080_112 .array/port v000002a276320080, 112;
v000002a276320080_113 .array/port v000002a276320080, 113;
v000002a276320080_114 .array/port v000002a276320080, 114;
E_000002a27631b2f0/28 .event anyedge, v000002a276320080_111, v000002a276320080_112, v000002a276320080_113, v000002a276320080_114;
v000002a276320080_115 .array/port v000002a276320080, 115;
v000002a276320080_116 .array/port v000002a276320080, 116;
v000002a276320080_117 .array/port v000002a276320080, 117;
v000002a276320080_118 .array/port v000002a276320080, 118;
E_000002a27631b2f0/29 .event anyedge, v000002a276320080_115, v000002a276320080_116, v000002a276320080_117, v000002a276320080_118;
v000002a276320080_119 .array/port v000002a276320080, 119;
v000002a276320080_120 .array/port v000002a276320080, 120;
v000002a276320080_121 .array/port v000002a276320080, 121;
v000002a276320080_122 .array/port v000002a276320080, 122;
E_000002a27631b2f0/30 .event anyedge, v000002a276320080_119, v000002a276320080_120, v000002a276320080_121, v000002a276320080_122;
v000002a276320080_123 .array/port v000002a276320080, 123;
v000002a276320080_124 .array/port v000002a276320080, 124;
v000002a276320080_125 .array/port v000002a276320080, 125;
v000002a276320080_126 .array/port v000002a276320080, 126;
E_000002a27631b2f0/31 .event anyedge, v000002a276320080_123, v000002a276320080_124, v000002a276320080_125, v000002a276320080_126;
v000002a276320080_127 .array/port v000002a276320080, 127;
E_000002a27631b2f0/32 .event anyedge, v000002a276320080_127;
E_000002a27631b2f0 .event/or E_000002a27631b2f0/0, E_000002a27631b2f0/1, E_000002a27631b2f0/2, E_000002a27631b2f0/3, E_000002a27631b2f0/4, E_000002a27631b2f0/5, E_000002a27631b2f0/6, E_000002a27631b2f0/7, E_000002a27631b2f0/8, E_000002a27631b2f0/9, E_000002a27631b2f0/10, E_000002a27631b2f0/11, E_000002a27631b2f0/12, E_000002a27631b2f0/13, E_000002a27631b2f0/14, E_000002a27631b2f0/15, E_000002a27631b2f0/16, E_000002a27631b2f0/17, E_000002a27631b2f0/18, E_000002a27631b2f0/19, E_000002a27631b2f0/20, E_000002a27631b2f0/21, E_000002a27631b2f0/22, E_000002a27631b2f0/23, E_000002a27631b2f0/24, E_000002a27631b2f0/25, E_000002a27631b2f0/26, E_000002a27631b2f0/27, E_000002a27631b2f0/28, E_000002a27631b2f0/29, E_000002a27631b2f0/30, E_000002a27631b2f0/31, E_000002a27631b2f0/32;
E_000002a27631b330 .event posedge, v000002a27631e820_0;
S_000002a276331d50 .scope module, "U_SCCPU" "SCCPU" 4 20, 6 2 0, S_000002a2763347f0;
 .timescale -9 -9;
    .port_info 0 /INPUT 1 "clk";
    .port_info 1 /INPUT 1 "reset";
    .port_info 2 /INPUT 32 "inst_in";
    .port_info 3 /INPUT 32 "Data_in";
    .port_info 4 /OUTPUT 1 "mem_w";
    .port_info 5 /OUTPUT 32 "PC_out";
    .port_info 6 /OUTPUT 32 "Addr_out";
    .port_info 7 /OUTPUT 32 "Data_out";
    .port_info 8 /INPUT 5 "reg_sel";
    .port_info 9 /OUTPUT 32 "reg_data";
L_000002a276327a10 .functor BUFZ 32, v000002a2766cd670_0, C4<00000000000000000000000000000000>, C4<00000000000000000000000000000000>, C4<00000000000000000000000000000000>;
L_000002a276327a80 .functor BUFZ 32, L_000002a2766d3ec0, C4<00000000000000000000000000000000>, C4<00000000000000000000000000000000>, C4<00000000000000000000000000000000>;
v000002a2766cf720_0 .net "ALUOp", 4 0, v000002a2766cf2c0_0;  1 drivers
v000002a2766cf360_0 .net "ALUSrc", 0 0, v000002a2766ce8c0_0;  1 drivers
v000002a2766ce5a0_0 .net "Addr_out", 31 0, L_000002a276327a10;  alias, 1 drivers
v000002a2766cedc0_0 .net "B", 31 0, L_000002a2766d1690;  1 drivers
v000002a2766cf7c0_0 .net "Data_in", 31 0, v000002a2763204e0_0;  alias, 1 drivers
v000002a2766cf4a0_0 .net "Data_out", 31 0, L_000002a276327a80;  alias, 1 drivers
v000002a2766cf9a0_0 .net "EXTOp", 5 0, v000002a2766ce280_0;  1 drivers
v000002a2766cf040_0 .net "Funct3", 2 0, L_000002a2766d3380;  1 drivers
v000002a2766cee60_0 .net "Funct7", 6 0, L_000002a2766d2a20;  1 drivers
v000002a2766cf860_0 .net "IMM", 19 0, L_000002a2766d3e20;  1 drivers
v000002a2766cfcc0_0 .net "Imm12", 11 0, L_000002a2766d3920;  1 drivers
v000002a2766cebe0_0 .net "NPC", 31 0, v000002a27631f040_0;  1 drivers
v000002a2766cff40_0 .net "NPCOp", 2 0, v000002a2766cea00_0;  1 drivers
v000002a2766ceaa0_0 .net "Op", 6 0, L_000002a2766d2de0;  1 drivers
v000002a2766cffe0_0 .net "PC_out", 31 0, v000002a27631f7c0_0;  alias, 1 drivers
v000002a2766ce140_0 .net "RD1", 31 0, L_000002a2766d3ba0;  1 drivers
v000002a2766ce1e0_0 .net "RD2", 31 0, L_000002a2766d3ec0;  1 drivers
v000002a2766ce6e0_0 .net "RegWrite", 0 0, v000002a2766ced20_0;  1 drivers
v000002a2766cef00_0 .var "WD", 31 0;
v000002a2766cf400_0 .net "WDSel", 1 0, v000002a2766cf540_0;  1 drivers
v000002a2766cfb80_0 .net "Zero", 0 0, L_000002a2766d2ca0;  1 drivers
v000002a2766ce320_0 .net *"_ivl_11", 4 0, L_000002a2766d01f0;  1 drivers
v000002a2766cf900_0 .net *"_ivl_17", 0 0, L_000002a2766d0dd0;  1 drivers
v000002a2766cfa40_0 .net *"_ivl_19", 0 0, L_000002a2766d0f10;  1 drivers
v000002a2766cfae0_0 .net *"_ivl_21", 5 0, L_000002a2766d37e0;  1 drivers
v000002a2766cfc20_0 .net *"_ivl_23", 3 0, L_000002a2766d2340;  1 drivers
v000002a2766ce3c0_0 .net *"_ivl_27", 0 0, L_000002a2766d2520;  1 drivers
v000002a2766ce460_0 .net *"_ivl_29", 7 0, L_000002a2766d27a0;  1 drivers
v000002a2766ce780_0 .net *"_ivl_31", 0 0, L_000002a2766d3240;  1 drivers
v000002a2766d03d0_0 .net *"_ivl_33", 9 0, L_000002a2766d3a60;  1 drivers
v000002a2766d0290_0 .net *"_ivl_9", 6 0, L_000002a2766d1910;  1 drivers
v000002a2766d0510_0 .net "aluout", 31 0, v000002a2766cd670_0;  1 drivers
v000002a2766d0790_0 .net "bimm", 11 0, L_000002a2766d22a0;  1 drivers
v000002a2766d1f50_0 .net "clk", 0 0, v000002a2766d15f0_0;  alias, 1 drivers
v000002a2766d0470_0 .net "iimm", 11 0, L_000002a2766d17d0;  1 drivers
v000002a2766d08d0_0 .net "immout", 31 0, v000002a27631fea0_0;  1 drivers
v000002a2766d19b0_0 .net "inst_in", 31 0, L_000002a276327b60;  alias, 1 drivers
v000002a2766d1eb0_0 .net "jimm", 19 0, L_000002a2766d3b00;  1 drivers
v000002a2766d1cd0_0 .net "mem_w", 0 0, v000002a2766cec80_0;  alias, 1 drivers
v000002a2766d0970_0 .net "rd", 4 0, L_000002a2766d3c40;  1 drivers
v000002a2766d14b0_0 .net "reg_data", 31 0, L_000002a2766d2840;  alias, 1 drivers
v000002a2766d0e70_0 .net "reg_sel", 4 0, v000002a2766d0150_0;  alias, 1 drivers
v000002a2766d0fb0_0 .net "reset", 0 0, L_000002a2763285e0;  alias, 1 drivers
v000002a2766d10f0_0 .net "rs1", 4 0, L_000002a2766d2660;  1 drivers
v000002a2766d1af0_0 .net "rs2", 4 0, L_000002a2766d2980;  1 drivers
v000002a2766d1410_0 .net "simm", 11 0, L_000002a2766d06f0;  1 drivers
v000002a2766d1870_0 .net "uimm", 19 0, L_000002a2766d0c90;  1 drivers
E_000002a27631b230 .event anyedge, v000002a2766cf540_0, v000002a2766cd670_0, v000002a2763204e0_0, v000002a27631f0e0_0;
L_000002a2766d1690 .functor MUXZ 32, L_000002a2766d3ec0, v000002a27631fea0_0, v000002a2766ce8c0_0, C4<>;
L_000002a2766d17d0 .part L_000002a276327b60, 20, 12;
L_000002a2766d1910 .part L_000002a276327b60, 25, 7;
L_000002a2766d01f0 .part L_000002a276327b60, 7, 5;
L_000002a2766d06f0 .concat [ 5 7 0 0], L_000002a2766d01f0, L_000002a2766d1910;
L_000002a2766d0c90 .part L_000002a276327b60, 12, 20;
L_000002a2766d0dd0 .part L_000002a276327b60, 31, 1;
L_000002a2766d0f10 .part L_000002a276327b60, 7, 1;
L_000002a2766d37e0 .part L_000002a276327b60, 25, 6;
L_000002a2766d2340 .part L_000002a276327b60, 8, 4;
L_000002a2766d22a0 .concat [ 4 6 1 1], L_000002a2766d2340, L_000002a2766d37e0, L_000002a2766d0f10, L_000002a2766d0dd0;
L_000002a2766d2520 .part L_000002a276327b60, 31, 1;
L_000002a2766d27a0 .part L_000002a276327b60, 12, 8;
L_000002a2766d3240 .part L_000002a276327b60, 20, 1;
L_000002a2766d3a60 .part L_000002a276327b60, 21, 10;
L_000002a2766d3b00 .concat [ 10 1 8 1], L_000002a2766d3a60, L_000002a2766d3240, L_000002a2766d27a0, L_000002a2766d2520;
L_000002a2766d2de0 .part L_000002a276327b60, 0, 7;
L_000002a2766d2a20 .part L_000002a276327b60, 25, 7;
L_000002a2766d3380 .part L_000002a276327b60, 12, 3;
L_000002a2766d2660 .part L_000002a276327b60, 15, 5;
L_000002a2766d2980 .part L_000002a276327b60, 20, 5;
L_000002a2766d3c40 .part L_000002a276327b60, 7, 5;
L_000002a2766d3920 .part L_000002a276327b60, 20, 12;
L_000002a2766d3e20 .part L_000002a276327b60, 12, 20;
S_000002a2762e3730 .scope module, "U_EXT" "EXT" 6 75, 7 2 0, S_000002a276331d50;
 .timescale -9 -9;
    .port_info 0 /INPUT 12 "iimm";
    .port_info 1 /INPUT 12 "simm";
    .port_info 2 /INPUT 12 "bimm";
    .port_info 3 /INPUT 20 "uimm";
    .port_info 4 /INPUT 20 "jimm";
    .port_info 5 /INPUT 6 "EXTOp";
    .port_info 6 /OUTPUT 32 "immout";
v000002a27631fe00_0 .net "EXTOp", 5 0, v000002a2766ce280_0;  alias, 1 drivers
v000002a27631ffe0_0 .net "bimm", 11 0, L_000002a2766d22a0;  alias, 1 drivers
v000002a27631fcc0_0 .net "iimm", 11 0, L_000002a2766d17d0;  alias, 1 drivers
v000002a27631fea0_0 .var "immout", 31 0;
v000002a27631ebe0_0 .net "jimm", 19 0, L_000002a2766d3b00;  alias, 1 drivers
v000002a2763201c0_0 .net "simm", 11 0, L_000002a2766d06f0;  alias, 1 drivers
v000002a27631ef00_0 .net "uimm", 19 0, L_000002a2766d0c90;  alias, 1 drivers
E_000002a27631b630/0 .event anyedge, v000002a27631fe00_0, v000002a27631fcc0_0, v000002a2763201c0_0, v000002a27631ffe0_0;
E_000002a27631b630/1 .event anyedge, v000002a27631ef00_0, v000002a27631ebe0_0;
E_000002a27631b630 .event/or E_000002a27631b630/0, E_000002a27631b630/1;
S_000002a2762e38c0 .scope module, "U_NPC" "NPC" 6 74, 8 3 0, S_000002a276331d50;
 .timescale -9 -9;
    .port_info 0 /INPUT 32 "PC";
    .port_info 1 /INPUT 3 "NPCOp";
    .port_info 2 /INPUT 32 "IMM";
    .port_info 3 /INPUT 32 "RS1";
    .port_info 4 /OUTPUT 32 "NPC";
v000002a27631e8c0_0 .net "IMM", 31 0, v000002a27631fea0_0;  alias, 1 drivers
v000002a27631f040_0 .var "NPC", 31 0;
v000002a27631fa40_0 .net "NPCOp", 2 0, v000002a2766cea00_0;  alias, 1 drivers
v000002a27631f0e0_0 .net "PC", 31 0, v000002a27631f7c0_0;  alias, 1 drivers
v000002a27631f180_0 .net "PCPLUS4", 31 0, L_000002a2766d3ce0;  1 drivers
v000002a27631ea00_0 .net "RS1", 31 0, L_000002a2766d3ba0;  alias, 1 drivers
L_000002a2766d4128 .functor BUFT 1, C4<00000000000000000000000000000100>, C4<0>, C4<0>, C4<0>;
v000002a27631f400_0 .net/2u *"_ivl_0", 31 0, L_000002a2766d4128;  1 drivers
E_000002a27631a970/0 .event anyedge, v000002a27631fa40_0, v000002a27631f180_0, v000002a27631f0e0_0, v000002a27631fea0_0;
E_000002a27631a970/1 .event anyedge, v000002a27631ea00_0;
E_000002a27631a970 .event/or E_000002a27631a970/0, E_000002a27631a970/1;
L_000002a2766d3ce0 .arith/sum 32, v000002a27631f7c0_0, L_000002a2766d4128;
S_000002a2762c06b0 .scope module, "U_PC" "PC" 6 73, 9 1 0, S_000002a276331d50;
 .timescale -9 -9;
    .port_info 0 /INPUT 1 "clk";
    .port_info 1 /INPUT 1 "rst";
    .port_info 2 /INPUT 32 "NPC";
    .port_info 3 /OUTPUT 32 "PC";
v000002a27631f4a0_0 .net "NPC", 31 0, v000002a27631f040_0;  alias, 1 drivers
v000002a27631f7c0_0 .var "PC", 31 0;
v000002a27631fae0_0 .net "clk", 0 0, v000002a2766d15f0_0;  alias, 1 drivers
v000002a27631fb80_0 .net "rst", 0 0, L_000002a2763285e0;  alias, 1 drivers
E_000002a276317770 .event posedge, v000002a27631fb80_0, v000002a27631e820_0;
S_000002a2762c0840 .scope module, "U_RF" "RF" 6 79, 10 1 0, S_000002a276331d50;
 .timescale -9 -9;
    .port_info 0 /INPUT 1 "clk";
    .port_info 1 /INPUT 1 "rst";
    .port_info 2 /INPUT 1 "RFWr";
    .port_info 3 /INPUT 5 "A1";
    .port_info 4 /INPUT 5 "A2";
    .port_info 5 /INPUT 5 "A3";
    .port_info 6 /INPUT 32 "WD";
    .port_info 7 /OUTPUT 32 "RD1";
    .port_info 8 /OUTPUT 32 "RD2";
    .port_info 9 /INPUT 5 "reg_sel";
    .port_info 10 /OUTPUT 32 "reg_data";
v000002a2766cd210_0 .net "A1", 4 0, L_000002a2766d2660;  alias, 1 drivers
v000002a2766cdf30_0 .net "A2", 4 0, L_000002a2766d2980;  alias, 1 drivers
v000002a2766cd8f0_0 .net "A3", 4 0, L_000002a2766d3c40;  alias, 1 drivers
v000002a2766cdcb0_0 .net "RD1", 31 0, L_000002a2766d3ba0;  alias, 1 drivers
v000002a2766cdd50_0 .net "RD2", 31 0, L_000002a2766d3ec0;  alias, 1 drivers
v000002a2766cc450_0 .net "RFWr", 0 0, v000002a2766ced20_0;  alias, 1 drivers
v000002a2766ccc70_0 .net "WD", 31 0, v000002a2766cef00_0;  1 drivers
v000002a2766cd170_0 .net *"_ivl_0", 31 0, L_000002a2766d32e0;  1 drivers
v000002a2766cd990_0 .net *"_ivl_10", 6 0, L_000002a2766d2f20;  1 drivers
L_000002a2766d4200 .functor BUFT 1, C4<00>, C4<0>, C4<0>, C4<0>;
v000002a2766cd2b0_0 .net *"_ivl_13", 1 0, L_000002a2766d4200;  1 drivers
L_000002a2766d4248 .functor BUFT 1, C4<00000000000000000000000000000000>, C4<0>, C4<0>, C4<0>;
v000002a2766cd490_0 .net/2u *"_ivl_14", 31 0, L_000002a2766d4248;  1 drivers
v000002a2766cde90_0 .net *"_ivl_18", 31 0, L_000002a2766d23e0;  1 drivers
L_000002a2766d4290 .functor BUFT 1, C4<000000000000000000000000000>, C4<0>, C4<0>, C4<0>;
v000002a2766cddf0_0 .net *"_ivl_21", 26 0, L_000002a2766d4290;  1 drivers
L_000002a2766d42d8 .functor BUFT 1, C4<00000000000000000000000000000000>, C4<0>, C4<0>, C4<0>;
v000002a2766cc770_0 .net/2u *"_ivl_22", 31 0, L_000002a2766d42d8;  1 drivers
v000002a2766cc310_0 .net *"_ivl_24", 0 0, L_000002a2766d3740;  1 drivers
v000002a2766cca90_0 .net *"_ivl_26", 31 0, L_000002a2766d3f60;  1 drivers
v000002a2766cc130_0 .net *"_ivl_28", 6 0, L_000002a2766d28e0;  1 drivers
L_000002a2766d4170 .functor BUFT 1, C4<000000000000000000000000000>, C4<0>, C4<0>, C4<0>;
v000002a2766cc630_0 .net *"_ivl_3", 26 0, L_000002a2766d4170;  1 drivers
L_000002a2766d4320 .functor BUFT 1, C4<00>, C4<0>, C4<0>, C4<0>;
v000002a2766cc9f0_0 .net *"_ivl_31", 1 0, L_000002a2766d4320;  1 drivers
L_000002a2766d4368 .functor BUFT 1, C4<00000000000000000000000000000000>, C4<0>, C4<0>, C4<0>;
v000002a2766cd7b0_0 .net/2u *"_ivl_32", 31 0, L_000002a2766d4368;  1 drivers
v000002a2766cdfd0_0 .net *"_ivl_36", 31 0, L_000002a2766d2480;  1 drivers
L_000002a2766d43b0 .functor BUFT 1, C4<000000000000000000000000000>, C4<0>, C4<0>, C4<0>;
v000002a2766cc4f0_0 .net *"_ivl_39", 26 0, L_000002a2766d43b0;  1 drivers
L_000002a2766d41b8 .functor BUFT 1, C4<00000000000000000000000000000000>, C4<0>, C4<0>, C4<0>;
v000002a2766cc950_0 .net/2u *"_ivl_4", 31 0, L_000002a2766d41b8;  1 drivers
L_000002a2766d43f8 .functor BUFT 1, C4<00000000000000000000000000000000>, C4<0>, C4<0>, C4<0>;
v000002a2766cda30_0 .net/2u *"_ivl_40", 31 0, L_000002a2766d43f8;  1 drivers
v000002a2766cc1d0_0 .net *"_ivl_42", 0 0, L_000002a2766d2200;  1 drivers
v000002a2766cd850_0 .net *"_ivl_44", 31 0, L_000002a2766d3560;  1 drivers
v000002a2766ccb30_0 .net *"_ivl_46", 6 0, L_000002a2766d4000;  1 drivers
L_000002a2766d4440 .functor BUFT 1, C4<00>, C4<0>, C4<0>, C4<0>;
v000002a2766cd5d0_0 .net *"_ivl_49", 1 0, L_000002a2766d4440;  1 drivers
L_000002a2766d4488 .functor BUFT 1, C4<00000000000000000000000000000000>, C4<0>, C4<0>, C4<0>;
v000002a2766ccf90_0 .net/2u *"_ivl_50", 31 0, L_000002a2766d4488;  1 drivers
v000002a2766cd0d0_0 .net *"_ivl_6", 0 0, L_000002a2766d3d80;  1 drivers
v000002a2766cd350_0 .net *"_ivl_8", 31 0, L_000002a2766d34c0;  1 drivers
v000002a2766cdc10_0 .net "clk", 0 0, v000002a2766d15f0_0;  alias, 1 drivers
v000002a2766ccbd0_0 .var/i "i", 31 0;
v000002a2766cc6d0_0 .net "reg_data", 31 0, L_000002a2766d2840;  alias, 1 drivers
v000002a2766cc270_0 .net "reg_sel", 4 0, v000002a2766d0150_0;  alias, 1 drivers
v000002a2766cd3f0 .array "rf", 0 31, 31 0;
v000002a2766cdad0_0 .net "rst", 0 0, L_000002a2763285e0;  alias, 1 drivers
L_000002a2766d32e0 .concat [ 5 27 0 0], L_000002a2766d2660, L_000002a2766d4170;
L_000002a2766d3d80 .cmp/ne 32, L_000002a2766d32e0, L_000002a2766d41b8;
L_000002a2766d34c0 .array/port v000002a2766cd3f0, L_000002a2766d2f20;
L_000002a2766d2f20 .concat [ 5 2 0 0], L_000002a2766d2660, L_000002a2766d4200;
L_000002a2766d3ba0 .functor MUXZ 32, L_000002a2766d4248, L_000002a2766d34c0, L_000002a2766d3d80, C4<>;
L_000002a2766d23e0 .concat [ 5 27 0 0], L_000002a2766d2980, L_000002a2766d4290;
L_000002a2766d3740 .cmp/ne 32, L_000002a2766d23e0, L_000002a2766d42d8;
L_000002a2766d3f60 .array/port v000002a2766cd3f0, L_000002a2766d28e0;
L_000002a2766d28e0 .concat [ 5 2 0 0], L_000002a2766d2980, L_000002a2766d4320;
L_000002a2766d3ec0 .functor MUXZ 32, L_000002a2766d4368, L_000002a2766d3f60, L_000002a2766d3740, C4<>;
L_000002a2766d2480 .concat [ 5 27 0 0], v000002a2766d0150_0, L_000002a2766d43b0;
L_000002a2766d2200 .cmp/ne 32, L_000002a2766d2480, L_000002a2766d43f8;
L_000002a2766d3560 .array/port v000002a2766cd3f0, L_000002a2766d4000;
L_000002a2766d4000 .concat [ 5 2 0 0], v000002a2766d0150_0, L_000002a2766d4440;
L_000002a2766d2840 .functor MUXZ 32, L_000002a2766d4488, L_000002a2766d3560, L_000002a2766d2200, C4<>;
S_000002a2762d72f0 .scope module, "U_alu" "alu" 6 89, 11 3 0, S_000002a276331d50;
 .timescale -9 -9;
    .port_info 0 /INPUT 32 "A";
    .port_info 1 /INPUT 32 "B";
    .port_info 2 /INPUT 5 "ALUOp";
    .port_info 3 /OUTPUT 32 "C";
    .port_info 4 /OUTPUT 1 "Zero";
L_000002a276327cb0 .functor OR 1, L_000002a2766d3420, L_000002a2766d2700, C4<0>, C4<0>;
L_000002a2763281f0 .functor OR 1, L_000002a276327cb0, L_000002a2766d3600, C4<0>, C4<0>;
L_000002a276328650 .functor OR 1, L_000002a2763281f0, L_000002a2766d2b60, C4<0>, C4<0>;
L_000002a276328030 .functor OR 1, L_000002a276328650, L_000002a2766d2160, C4<0>, C4<0>;
v000002a2766cd030_0 .net/s "A", 31 0, L_000002a2766d3ba0;  alias, 1 drivers
v000002a2766cc3b0_0 .net "ALUOp", 4 0, v000002a2766cf2c0_0;  alias, 1 drivers
v000002a2766ccd10_0 .net/s "B", 31 0, L_000002a2766d1690;  alias, 1 drivers
v000002a2766cd670_0 .var/s "C", 31 0;
v000002a2766cc810_0 .net "Zero", 0 0, L_000002a2766d2ca0;  alias, 1 drivers
L_000002a2766d44d0 .functor BUFT 1, C4<00101>, C4<0>, C4<0>, C4<0>;
v000002a2766cd530_0 .net/2u *"_ivl_0", 4 0, L_000002a2766d44d0;  1 drivers
L_000002a2766d4560 .functor BUFT 1, C4<00111>, C4<0>, C4<0>, C4<0>;
v000002a2766ccdb0_0 .net/2u *"_ivl_10", 4 0, L_000002a2766d4560;  1 drivers
v000002a2766cdb70_0 .net *"_ivl_12", 0 0, L_000002a2766d3600;  1 drivers
v000002a2766cce50_0 .net *"_ivl_15", 0 0, L_000002a2763281f0;  1 drivers
L_000002a2766d45a8 .functor BUFT 1, C4<01000>, C4<0>, C4<0>, C4<0>;
v000002a2766cc590_0 .net/2u *"_ivl_16", 4 0, L_000002a2766d45a8;  1 drivers
v000002a2766ccef0_0 .net *"_ivl_18", 0 0, L_000002a2766d2b60;  1 drivers
v000002a2766cc8b0_0 .net *"_ivl_2", 0 0, L_000002a2766d3420;  1 drivers
v000002a2766cd710_0 .net *"_ivl_21", 0 0, L_000002a276328650;  1 drivers
L_000002a2766d45f0 .functor BUFT 1, C4<01001>, C4<0>, C4<0>, C4<0>;
v000002a2766ce500_0 .net/2u *"_ivl_22", 4 0, L_000002a2766d45f0;  1 drivers
v000002a2766ceb40_0 .net *"_ivl_24", 0 0, L_000002a2766d2160;  1 drivers
v000002a2766cfea0_0 .net *"_ivl_27", 0 0, L_000002a276328030;  1 drivers
L_000002a2766d4638 .functor BUFT 1, C4<00000000000000000000000000000000>, C4<0>, C4<0>, C4<0>;
v000002a2766cfe00_0 .net/2u *"_ivl_28", 31 0, L_000002a2766d4638;  1 drivers
v000002a2766ce820_0 .net *"_ivl_30", 0 0, L_000002a2766d2ac0;  1 drivers
L_000002a2766d4680 .functor BUFT 1, C4<00000000000000000000000000000000>, C4<0>, C4<0>, C4<0>;
v000002a2766cf0e0_0 .net/2u *"_ivl_32", 31 0, L_000002a2766d4680;  1 drivers
v000002a2766cf5e0_0 .net *"_ivl_34", 0 0, L_000002a2766d36a0;  1 drivers
L_000002a2766d4518 .functor BUFT 1, C4<00110>, C4<0>, C4<0>, C4<0>;
v000002a2766cefa0_0 .net/2u *"_ivl_4", 4 0, L_000002a2766d4518;  1 drivers
v000002a2766cf680_0 .net *"_ivl_6", 0 0, L_000002a2766d2700;  1 drivers
v000002a2766cf220_0 .net *"_ivl_9", 0 0, L_000002a276327cb0;  1 drivers
E_000002a2763177f0 .event anyedge, v000002a2766cc3b0_0, v000002a2766ccd10_0, v000002a27631ea00_0;
L_000002a2766d3420 .cmp/eq 5, v000002a2766cf2c0_0, L_000002a2766d44d0;
L_000002a2766d2700 .cmp/eq 5, v000002a2766cf2c0_0, L_000002a2766d4518;
L_000002a2766d3600 .cmp/eq 5, v000002a2766cf2c0_0, L_000002a2766d4560;
L_000002a2766d2b60 .cmp/eq 5, v000002a2766cf2c0_0, L_000002a2766d45a8;
L_000002a2766d2160 .cmp/eq 5, v000002a2766cf2c0_0, L_000002a2766d45f0;
L_000002a2766d2ac0 .cmp/ne 32, v000002a2766cd670_0, L_000002a2766d4638;
L_000002a2766d36a0 .cmp/eq 32, v000002a2766cd670_0, L_000002a2766d4680;
L_000002a2766d2ca0 .functor MUXZ 1, L_000002a2766d36a0, L_000002a2766d2ac0, L_000002a276328030, C4<>;
S_000002a2762d1cf0 .scope module, "U_ctrl" "ctrl" 6 66, 12 3 0, S_000002a276331d50;
 .timescale -9 -9;
    .port_info 0 /INPUT 7 "Op";
    .port_info 1 /INPUT 7 "Funct7";
    .port_info 2 /INPUT 3 "Funct3";
    .port_info 3 /INPUT 1 "Zero";
    .port_info 4 /OUTPUT 1 "RegWrite";
    .port_info 5 /OUTPUT 1 "MemWrite";
    .port_info 6 /OUTPUT 6 "EXTOp";
    .port_info 7 /OUTPUT 5 "ALUOp";
    .port_info 8 /OUTPUT 3 "NPCOp";
    .port_info 9 /OUTPUT 1 "ALUSrc";
    .port_info 10 /OUTPUT 2 "WDSel";
v000002a2766cf2c0_0 .var "ALUOp", 4 0;
v000002a2766ce8c0_0 .var "ALUSrc", 0 0;
v000002a2766ce280_0 .var "EXTOp", 5 0;
v000002a2766cf180_0 .net "Funct3", 2 0, L_000002a2766d3380;  alias, 1 drivers
v000002a2766ce960_0 .net "Funct7", 6 0, L_000002a2766d2a20;  alias, 1 drivers
v000002a2766cec80_0 .var "MemWrite", 0 0;
v000002a2766cea00_0 .var "NPCOp", 2 0;
v000002a2766cfd60_0 .net "Op", 6 0, L_000002a2766d2de0;  alias, 1 drivers
v000002a2766ced20_0 .var "RegWrite", 0 0;
v000002a2766cf540_0 .var "WDSel", 1 0;
v000002a2766ce640_0 .net "Zero", 0 0, L_000002a2766d2ca0;  alias, 1 drivers
E_000002a2763183b0 .event anyedge, v000002a2766cfd60_0, v000002a2766ce960_0, v000002a2766cf180_0, v000002a2766cc810_0;
S_000002a2762d30e0 .scope module, "U_imem" "im" 4 44, 13 2 0, S_000002a2763347f0;
 .timescale -9 -9;
    .port_info 0 /INPUT 30 "addr";
    .port_info 1 /OUTPUT 32 "dout";
L_000002a276327b60 .functor BUFZ 32, L_000002a2766d2c00, C4<00000000000000000000000000000000>, C4<00000000000000000000000000000000>, C4<00000000000000000000000000000000>;
v000002a2766d1b90 .array "RAM", 0 127, 31 0;
v000002a2766d1c30_0 .net *"_ivl_0", 31 0, L_000002a2766d2c00;  1 drivers
v000002a2766d0330_0 .net "addr", 31 2, L_000002a2766d25c0;  1 drivers
v000002a2766d12d0_0 .net "dout", 31 0, L_000002a276327b60;  alias, 1 drivers
L_000002a2766d2c00 .array/port v000002a2766d1b90, L_000002a2766d25c0;
    .scope S_000002a2762d1cf0;
T_0 ;
    %wait E_000002a2763183b0;
    %pushi/vec4 0, 0, 1;
    %store/vec4 v000002a2766ced20_0, 0, 1;
    %pushi/vec4 0, 0, 1;
    %store/vec4 v000002a2766cec80_0, 0, 1;
    %pushi/vec4 0, 0, 6;
    %store/vec4 v000002a2766ce280_0, 0, 6;
    %pushi/vec4 0, 0, 5;
    %store/vec4 v000002a2766cf2c0_0, 0, 5;
    %pushi/vec4 0, 0, 3;
    %store/vec4 v000002a2766cea00_0, 0, 3;
    %pushi/vec4 0, 0, 1;
    %store/vec4 v000002a2766ce8c0_0, 0, 1;
    %pushi/vec4 0, 0, 2;
    %store/vec4 v000002a2766cf540_0, 0, 2;
    %load/vec4 v000002a2766cfd60_0;
    %dup/vec4;
    %pushi/vec4 55, 0, 7;
    %cmp/u;
    %jmp/1 T_0.0, 6;
    %dup/vec4;
    %pushi/vec4 51, 0, 7;
    %cmp/u;
    %jmp/1 T_0.1, 6;
    %dup/vec4;
    %pushi/vec4 19, 0, 7;
    %cmp/u;
    %jmp/1 T_0.2, 6;
    %dup/vec4;
    %pushi/vec4 3, 0, 7;
    %cmp/u;
    %jmp/1 T_0.3, 6;
    %dup/vec4;
    %pushi/vec4 35, 0, 7;
    %cmp/u;
    %jmp/1 T_0.4, 6;
    %dup/vec4;
    %pushi/vec4 99, 0, 7;
    %cmp/u;
    %jmp/1 T_0.5, 6;
    %dup/vec4;
    %pushi/vec4 111, 0, 7;
    %cmp/u;
    %jmp/1 T_0.6, 6;
    %dup/vec4;
    %pushi/vec4 103, 0, 7;
    %cmp/u;
    %jmp/1 T_0.7, 6;
    %pushi/vec4 0, 0, 1;
    %store/vec4 v000002a2766ced20_0, 0, 1;
    %pushi/vec4 0, 0, 1;
    %store/vec4 v000002a2766cec80_0, 0, 1;
    %jmp T_0.9;
T_0.0 ;
    %pushi/vec4 1, 0, 1;
    %store/vec4 v000002a2766ced20_0, 0, 1;
    %pushi/vec4 1, 0, 1;
    %store/vec4 v000002a2766ce8c0_0, 0, 1;
    %pushi/vec4 2, 0, 6;
    %store/vec4 v000002a2766ce280_0, 0, 6;
    %pushi/vec4 1, 0, 5;
    %store/vec4 v000002a2766cf2c0_0, 0, 5;
    %jmp T_0.9;
T_0.1 ;
    %pushi/vec4 1, 0, 1;
    %store/vec4 v000002a2766ced20_0, 0, 1;
    %load/vec4 v000002a2766ce960_0;
    %load/vec4 v000002a2766cf180_0;
    %concat/vec4; draw_concat_vec4
    %dup/vec4;
    %pushi/vec4 0, 0, 10;
    %cmp/u;
    %jmp/1 T_0.10, 6;
    %dup/vec4;
    %pushi/vec4 256, 0, 10;
    %cmp/u;
    %jmp/1 T_0.11, 6;
    %dup/vec4;
    %pushi/vec4 2, 0, 10;
    %cmp/u;
    %jmp/1 T_0.12, 6;
    %dup/vec4;
    %pushi/vec4 3, 0, 10;
    %cmp/u;
    %jmp/1 T_0.13, 6;
    %dup/vec4;
    %pushi/vec4 4, 0, 10;
    %cmp/u;
    %jmp/1 T_0.14, 6;
    %dup/vec4;
    %pushi/vec4 6, 0, 10;
    %cmp/u;
    %jmp/1 T_0.15, 6;
    %dup/vec4;
    %pushi/vec4 7, 0, 10;
    %cmp/u;
    %jmp/1 T_0.16, 6;
    %dup/vec4;
    %pushi/vec4 1, 0, 10;
    %cmp/u;
    %jmp/1 T_0.17, 6;
    %dup/vec4;
    %pushi/vec4 5, 0, 10;
    %cmp/u;
    %jmp/1 T_0.18, 6;
    %dup/vec4;
    %pushi/vec4 261, 0, 10;
    %cmp/u;
    %jmp/1 T_0.19, 6;
    %pushi/vec4 0, 0, 1;
    %store/vec4 v000002a2766ced20_0, 0, 1;
    %pushi/vec4 0, 0, 5;
    %store/vec4 v000002a2766cf2c0_0, 0, 5;
    %jmp T_0.21;
T_0.10 ;
    %pushi/vec4 3, 0, 5;
    %store/vec4 v000002a2766cf2c0_0, 0, 5;
    %jmp T_0.21;
T_0.11 ;
    %pushi/vec4 4, 0, 5;
    %store/vec4 v000002a2766cf2c0_0, 0, 5;
    %jmp T_0.21;
T_0.12 ;
    %pushi/vec4 10, 0, 5;
    %store/vec4 v000002a2766cf2c0_0, 0, 5;
    %jmp T_0.21;
T_0.13 ;
    %pushi/vec4 11, 0, 5;
    %store/vec4 v000002a2766cf2c0_0, 0, 5;
    %jmp T_0.21;
T_0.14 ;
    %pushi/vec4 12, 0, 5;
    %store/vec4 v000002a2766cf2c0_0, 0, 5;
    %jmp T_0.21;
T_0.15 ;
    %pushi/vec4 13, 0, 5;
    %store/vec4 v000002a2766cf2c0_0, 0, 5;
    %jmp T_0.21;
T_0.16 ;
    %pushi/vec4 14, 0, 5;
    %store/vec4 v000002a2766cf2c0_0, 0, 5;
    %jmp T_0.21;
T_0.17 ;
    %pushi/vec4 15, 0, 5;
    %store/vec4 v000002a2766cf2c0_0, 0, 5;
    %jmp T_0.21;
T_0.18 ;
    %pushi/vec4 16, 0, 5;
    %store/vec4 v000002a2766cf2c0_0, 0, 5;
    %jmp T_0.21;
T_0.19 ;
    %pushi/vec4 17, 0, 5;
    %store/vec4 v000002a2766cf2c0_0, 0, 5;
    %jmp T_0.21;
T_0.21 ;
    %pop/vec4 1;
    %jmp T_0.9;
T_0.2 ;
    %pushi/vec4 1, 0, 1;
    %store/vec4 v000002a2766ced20_0, 0, 1;
    %pushi/vec4 1, 0, 1;
    %store/vec4 v000002a2766ce8c0_0, 0, 1;
    %pushi/vec4 16, 0, 6;
    %store/vec4 v000002a2766ce280_0, 0, 6;
    %load/vec4 v000002a2766cf180_0;
    %dup/vec4;
    %pushi/vec4 0, 0, 3;
    %cmp/u;
    %jmp/1 T_0.22, 6;
    %dup/vec4;
    %pushi/vec4 2, 0, 3;
    %cmp/u;
    %jmp/1 T_0.23, 6;
    %dup/vec4;
    %pushi/vec4 3, 0, 3;
    %cmp/u;
    %jmp/1 T_0.24, 6;
    %dup/vec4;
    %pushi/vec4 4, 0, 3;
    %cmp/u;
    %jmp/1 T_0.25, 6;
    %dup/vec4;
    %pushi/vec4 6, 0, 3;
    %cmp/u;
    %jmp/1 T_0.26, 6;
    %dup/vec4;
    %pushi/vec4 7, 0, 3;
    %cmp/u;
    %jmp/1 T_0.27, 6;
    %dup/vec4;
    %pushi/vec4 1, 0, 3;
    %cmp/u;
    %jmp/1 T_0.28, 6;
    %dup/vec4;
    %pushi/vec4 5, 0, 3;
    %cmp/u;
    %jmp/1 T_0.29, 6;
    %pushi/vec4 0, 0, 1;
    %store/vec4 v000002a2766ced20_0, 0, 1;
    %pushi/vec4 0, 0, 5;
    %store/vec4 v000002a2766cf2c0_0, 0, 5;
    %jmp T_0.31;
T_0.22 ;
    %pushi/vec4 3, 0, 5;
    %store/vec4 v000002a2766cf2c0_0, 0, 5;
    %jmp T_0.31;
T_0.23 ;
    %pushi/vec4 10, 0, 5;
    %store/vec4 v000002a2766cf2c0_0, 0, 5;
    %jmp T_0.31;
T_0.24 ;
    %pushi/vec4 11, 0, 5;
    %store/vec4 v000002a2766cf2c0_0, 0, 5;
    %jmp T_0.31;
T_0.25 ;
    %pushi/vec4 12, 0, 5;
    %store/vec4 v000002a2766cf2c0_0, 0, 5;
    %jmp T_0.31;
T_0.26 ;
    %pushi/vec4 13, 0, 5;
    %store/vec4 v000002a2766cf2c0_0, 0, 5;
    %jmp T_0.31;
T_0.27 ;
    %pushi/vec4 14, 0, 5;
    %store/vec4 v000002a2766cf2c0_0, 0, 5;
    %jmp T_0.31;
T_0.28 ;
    %load/vec4 v000002a2766ce960_0;
    %cmpi/e 0, 0, 7;
    %flag_mov 8, 4;
    %jmp/0 T_0.32, 8;
    %pushi/vec4 15, 0, 5;
    %jmp/1 T_0.33, 8;
T_0.32 ; End of true expr.
    %pushi/vec4 0, 0, 5;
    %jmp/0 T_0.33, 8;
 ; End of false expr.
    %blend;
T_0.33;
    %store/vec4 v000002a2766cf2c0_0, 0, 5;
    %jmp T_0.31;
T_0.29 ;
    %load/vec4 v000002a2766ce960_0;
    %cmpi/e 32, 0, 7;
    %flag_mov 8, 4;
    %jmp/0 T_0.34, 8;
    %pushi/vec4 17, 0, 5;
    %jmp/1 T_0.35, 8;
T_0.34 ; End of true expr.
    %pushi/vec4 16, 0, 5;
    %jmp/0 T_0.35, 8;
 ; End of false expr.
    %blend;
T_0.35;
    %store/vec4 v000002a2766cf2c0_0, 0, 5;
    %jmp T_0.31;
T_0.31 ;
    %pop/vec4 1;
    %jmp T_0.9;
T_0.3 ;
    %pushi/vec4 1, 0, 1;
    %store/vec4 v000002a2766ced20_0, 0, 1;
    %pushi/vec4 1, 0, 1;
    %store/vec4 v000002a2766ce8c0_0, 0, 1;
    %pushi/vec4 16, 0, 6;
    %store/vec4 v000002a2766ce280_0, 0, 6;
    %pushi/vec4 3, 0, 5;
    %store/vec4 v000002a2766cf2c0_0, 0, 5;
    %pushi/vec4 1, 0, 2;
    %store/vec4 v000002a2766cf540_0, 0, 2;
    %jmp T_0.9;
T_0.4 ;
    %pushi/vec4 1, 0, 1;
    %store/vec4 v000002a2766cec80_0, 0, 1;
    %pushi/vec4 1, 0, 1;
    %store/vec4 v000002a2766ce8c0_0, 0, 1;
    %pushi/vec4 8, 0, 6;
    %store/vec4 v000002a2766ce280_0, 0, 6;
    %pushi/vec4 3, 0, 5;
    %store/vec4 v000002a2766cf2c0_0, 0, 5;
    %jmp T_0.9;
T_0.5 ;
    %pushi/vec4 4, 0, 6;
    %store/vec4 v000002a2766ce280_0, 0, 6;
    %load/vec4 v000002a2766cf180_0;
    %dup/vec4;
    %pushi/vec4 0, 0, 3;
    %cmp/u;
    %jmp/1 T_0.36, 6;
    %dup/vec4;
    %pushi/vec4 1, 0, 3;
    %cmp/u;
    %jmp/1 T_0.37, 6;
    %dup/vec4;
    %pushi/vec4 4, 0, 3;
    %cmp/u;
    %jmp/1 T_0.38, 6;
    %dup/vec4;
    %pushi/vec4 5, 0, 3;
    %cmp/u;
    %jmp/1 T_0.39, 6;
    %dup/vec4;
    %pushi/vec4 6, 0, 3;
    %cmp/u;
    %jmp/1 T_0.40, 6;
    %dup/vec4;
    %pushi/vec4 7, 0, 3;
    %cmp/u;
    %jmp/1 T_0.41, 6;
    %pushi/vec4 0, 0, 5;
    %store/vec4 v000002a2766cf2c0_0, 0, 5;
    %pushi/vec4 0, 0, 3;
    %store/vec4 v000002a2766cea00_0, 0, 3;
    %jmp T_0.43;
T_0.36 ;
    %pushi/vec4 4, 0, 5;
    %store/vec4 v000002a2766cf2c0_0, 0, 5;
    %load/vec4 v000002a2766ce640_0;
    %flag_set/vec4 8;
    %jmp/0 T_0.44, 8;
    %pushi/vec4 1, 0, 3;
    %jmp/1 T_0.45, 8;
T_0.44 ; End of true expr.
    %pushi/vec4 0, 0, 3;
    %jmp/0 T_0.45, 8;
 ; End of false expr.
    %blend;
T_0.45;
    %store/vec4 v000002a2766cea00_0, 0, 3;
    %jmp T_0.43;
T_0.37 ;
    %pushi/vec4 5, 0, 5;
    %store/vec4 v000002a2766cf2c0_0, 0, 5;
    %load/vec4 v000002a2766ce640_0;
    %flag_set/vec4 8;
    %jmp/0 T_0.46, 8;
    %pushi/vec4 1, 0, 3;
    %jmp/1 T_0.47, 8;
T_0.46 ; End of true expr.
    %pushi/vec4 0, 0, 3;
    %jmp/0 T_0.47, 8;
 ; End of false expr.
    %blend;
T_0.47;
    %store/vec4 v000002a2766cea00_0, 0, 3;
    %jmp T_0.43;
T_0.38 ;
    %pushi/vec4 6, 0, 5;
    %store/vec4 v000002a2766cf2c0_0, 0, 5;
    %load/vec4 v000002a2766ce640_0;
    %flag_set/vec4 8;
    %jmp/0 T_0.48, 8;
    %pushi/vec4 1, 0, 3;
    %jmp/1 T_0.49, 8;
T_0.48 ; End of true expr.
    %pushi/vec4 0, 0, 3;
    %jmp/0 T_0.49, 8;
 ; End of false expr.
    %blend;
T_0.49;
    %store/vec4 v000002a2766cea00_0, 0, 3;
    %jmp T_0.43;
T_0.39 ;
    %pushi/vec4 7, 0, 5;
    %store/vec4 v000002a2766cf2c0_0, 0, 5;
    %load/vec4 v000002a2766ce640_0;
    %flag_set/vec4 8;
    %jmp/0 T_0.50, 8;
    %pushi/vec4 1, 0, 3;
    %jmp/1 T_0.51, 8;
T_0.50 ; End of true expr.
    %pushi/vec4 0, 0, 3;
    %jmp/0 T_0.51, 8;
 ; End of false expr.
    %blend;
T_0.51;
    %store/vec4 v000002a2766cea00_0, 0, 3;
    %jmp T_0.43;
T_0.40 ;
    %pushi/vec4 8, 0, 5;
    %store/vec4 v000002a2766cf2c0_0, 0, 5;
    %load/vec4 v000002a2766ce640_0;
    %flag_set/vec4 8;
    %jmp/0 T_0.52, 8;
    %pushi/vec4 1, 0, 3;
    %jmp/1 T_0.53, 8;
T_0.52 ; End of true expr.
    %pushi/vec4 0, 0, 3;
    %jmp/0 T_0.53, 8;
 ; End of false expr.
    %blend;
T_0.53;
    %store/vec4 v000002a2766cea00_0, 0, 3;
    %jmp T_0.43;
T_0.41 ;
    %pushi/vec4 9, 0, 5;
    %store/vec4 v000002a2766cf2c0_0, 0, 5;
    %load/vec4 v000002a2766ce640_0;
    %flag_set/vec4 8;
    %jmp/0 T_0.54, 8;
    %pushi/vec4 1, 0, 3;
    %jmp/1 T_0.55, 8;
T_0.54 ; End of true expr.
    %pushi/vec4 0, 0, 3;
    %jmp/0 T_0.55, 8;
 ; End of false expr.
    %blend;
T_0.55;
    %store/vec4 v000002a2766cea00_0, 0, 3;
    %jmp T_0.43;
T_0.43 ;
    %pop/vec4 1;
    %jmp T_0.9;
T_0.6 ;
    %pushi/vec4 1, 0, 1;
    %store/vec4 v000002a2766ced20_0, 0, 1;
    %pushi/vec4 1, 0, 6;
    %store/vec4 v000002a2766ce280_0, 0, 6;
    %pushi/vec4 2, 0, 3;
    %store/vec4 v000002a2766cea00_0, 0, 3;
    %pushi/vec4 2, 0, 2;
    %store/vec4 v000002a2766cf540_0, 0, 2;
    %jmp T_0.9;
T_0.7 ;
    %pushi/vec4 1, 0, 1;
    %store/vec4 v000002a2766ced20_0, 0, 1;
    %pushi/vec4 1, 0, 1;
    %store/vec4 v000002a2766ce8c0_0, 0, 1;
    %pushi/vec4 16, 0, 6;
    %store/vec4 v000002a2766ce280_0, 0, 6;
    %pushi/vec4 3, 0, 5;
    %store/vec4 v000002a2766cf2c0_0, 0, 5;
    %pushi/vec4 4, 0, 3;
    %store/vec4 v000002a2766cea00_0, 0, 3;
    %pushi/vec4 2, 0, 2;
    %store/vec4 v000002a2766cf540_0, 0, 2;
    %jmp T_0.9;
T_0.9 ;
    %pop/vec4 1;
    %jmp T_0;
    .thread T_0, $push;
    .scope S_000002a2762c06b0;
T_1 ;
    %wait E_000002a276317770;
    %load/vec4 v000002a27631fb80_0;
    %flag_set/vec4 8;
    %jmp/0xz  T_1.0, 8;
    %pushi/vec4 0, 0, 32;
    %assign/vec4 v000002a27631f7c0_0, 0;
    %jmp T_1.1;
T_1.0 ;
    %load/vec4 v000002a27631f4a0_0;
    %assign/vec4 v000002a27631f7c0_0, 0;
T_1.1 ;
    %jmp T_1;
    .thread T_1;
    .scope S_000002a2762e38c0;
T_2 ;
    %wait E_000002a27631a970;
    %load/vec4 v000002a27631fa40_0;
    %dup/vec4;
    %pushi/vec4 0, 0, 3;
    %cmp/u;
    %jmp/1 T_2.0, 6;
    %dup/vec4;
    %pushi/vec4 1, 0, 3;
    %cmp/u;
    %jmp/1 T_2.1, 6;
    %dup/vec4;
    %pushi/vec4 2, 0, 3;
    %cmp/u;
    %jmp/1 T_2.2, 6;
    %dup/vec4;
    %pushi/vec4 4, 0, 3;
    %cmp/u;
    %jmp/1 T_2.3, 6;
    %load/vec4 v000002a27631f180_0;
    %store/vec4 v000002a27631f040_0, 0, 32;
    %jmp T_2.5;
T_2.0 ;
    %load/vec4 v000002a27631f180_0;
    %store/vec4 v000002a27631f040_0, 0, 32;
    %jmp T_2.5;
T_2.1 ;
    %load/vec4 v000002a27631f0e0_0;
    %load/vec4 v000002a27631e8c0_0;
    %add;
    %store/vec4 v000002a27631f040_0, 0, 32;
    %jmp T_2.5;
T_2.2 ;
    %load/vec4 v000002a27631f0e0_0;
    %load/vec4 v000002a27631e8c0_0;
    %add;
    %store/vec4 v000002a27631f040_0, 0, 32;
    %jmp T_2.5;
T_2.3 ;
    %load/vec4 v000002a27631ea00_0;
    %load/vec4 v000002a27631e8c0_0;
    %add;
    %pushi/vec4 4294967294, 0, 32;
    %and;
    %store/vec4 v000002a27631f040_0, 0, 32;
    %jmp T_2.5;
T_2.5 ;
    %pop/vec4 1;
    %jmp T_2;
    .thread T_2, $push;
    .scope S_000002a2762e3730;
T_3 ;
    %wait E_000002a27631b630;
    %load/vec4 v000002a27631fe00_0;
    %dup/vec4;
    %pushi/vec4 16, 0, 6;
    %cmp/u;
    %jmp/1 T_3.0, 6;
    %dup/vec4;
    %pushi/vec4 8, 0, 6;
    %cmp/u;
    %jmp/1 T_3.1, 6;
    %dup/vec4;
    %pushi/vec4 4, 0, 6;
    %cmp/u;
    %jmp/1 T_3.2, 6;
    %dup/vec4;
    %pushi/vec4 2, 0, 6;
    %cmp/u;
    %jmp/1 T_3.3, 6;
    %dup/vec4;
    %pushi/vec4 1, 0, 6;
    %cmp/u;
    %jmp/1 T_3.4, 6;
    %pushi/vec4 0, 0, 32;
    %assign/vec4 v000002a27631fea0_0, 0;
    %jmp T_3.6;
T_3.0 ;
    %load/vec4 v000002a27631fcc0_0;
    %parti/s 1, 11, 5;
    %replicate 20;
    %load/vec4 v000002a27631fcc0_0;
    %concat/vec4; draw_concat_vec4
    %assign/vec4 v000002a27631fea0_0, 0;
    %jmp T_3.6;
T_3.1 ;
    %load/vec4 v000002a2763201c0_0;
    %parti/s 1, 11, 5;
    %replicate 20;
    %load/vec4 v000002a2763201c0_0;
    %concat/vec4; draw_concat_vec4
    %assign/vec4 v000002a27631fea0_0, 0;
    %jmp T_3.6;
T_3.2 ;
    %load/vec4 v000002a27631ffe0_0;
    %parti/s 1, 11, 5;
    %replicate 19;
    %load/vec4 v000002a27631ffe0_0;
    %concat/vec4; draw_concat_vec4
    %concati/vec4 0, 0, 1;
    %assign/vec4 v000002a27631fea0_0, 0;
    %jmp T_3.6;
T_3.3 ;
    %load/vec4 v000002a27631ef00_0;
    %concati/vec4 0, 0, 12;
    %assign/vec4 v000002a27631fea0_0, 0;
    %jmp T_3.6;
T_3.4 ;
    %load/vec4 v000002a27631ebe0_0;
    %parti/s 1, 19, 6;
    %replicate 21;
    %load/vec4 v000002a27631ebe0_0;
    %concat/vec4; draw_concat_vec4
    %concati/vec4 0, 0, 1;
    %pad/u 32;
    %assign/vec4 v000002a27631fea0_0, 0;
    %jmp T_3.6;
T_3.6 ;
    %pop/vec4 1;
    %jmp T_3;
    .thread T_3, $push;
    .scope S_000002a2762c0840;
T_4 ;
    %wait E_000002a276317770;
    %load/vec4 v000002a2766cdad0_0;
    %flag_set/vec4 8;
    %jmp/0xz  T_4.0, 8;
    %pushi/vec4 1, 0, 32;
    %store/vec4 v000002a2766ccbd0_0, 0, 32;
T_4.2 ;
    %load/vec4 v000002a2766ccbd0_0;
    %cmpi/s 32, 0, 32;
    %jmp/0xz T_4.3, 5;
    %pushi/vec4 0, 0, 32;
    %ix/getv/s 3, v000002a2766ccbd0_0;
    %ix/load 4, 0, 0; Constant delay
    %assign/vec4/a/d v000002a2766cd3f0, 0, 4;
    %load/vec4 v000002a2766ccbd0_0;
    %addi 1, 0, 32;
    %store/vec4 v000002a2766ccbd0_0, 0, 32;
    %jmp T_4.2;
T_4.3 ;
    %jmp T_4.1;
T_4.0 ;
    %load/vec4 v000002a2766cc450_0;
    %flag_set/vec4 8;
    %jmp/0xz  T_4.4, 8;
    %load/vec4 v000002a2766cd8f0_0;
    %cmpi/ne 0, 0, 5;
    %jmp/0xz  T_4.6, 4;
    %load/vec4 v000002a2766ccc70_0;
    %load/vec4 v000002a2766cd8f0_0;
    %pad/u 7;
    %ix/vec4 3;
    %ix/load 4, 0, 0; Constant delay
    %assign/vec4/a/d v000002a2766cd3f0, 0, 4;
T_4.6 ;
T_4.4 ;
T_4.1 ;
    %jmp T_4;
    .thread T_4;
    .scope S_000002a2762d72f0;
T_5 ;
    %wait E_000002a2763177f0;
    %load/vec4 v000002a2766cc3b0_0;
    %dup/vec4;
    %pushi/vec4 1, 0, 5;
    %cmp/u;
    %jmp/1 T_5.0, 6;
    %dup/vec4;
    %pushi/vec4 3, 0, 5;
    %cmp/u;
    %jmp/1 T_5.1, 6;
    %dup/vec4;
    %pushi/vec4 4, 0, 5;
    %cmp/u;
    %jmp/1 T_5.2, 6;
    %dup/vec4;
    %pushi/vec4 5, 0, 5;
    %cmp/u;
    %jmp/1 T_5.3, 6;
    %dup/vec4;
    %pushi/vec4 6, 0, 5;
    %cmp/u;
    %jmp/1 T_5.4, 6;
    %dup/vec4;
    %pushi/vec4 7, 0, 5;
    %cmp/u;
    %jmp/1 T_5.5, 6;
    %dup/vec4;
    %pushi/vec4 8, 0, 5;
    %cmp/u;
    %jmp/1 T_5.6, 6;
    %dup/vec4;
    %pushi/vec4 9, 0, 5;
    %cmp/u;
    %jmp/1 T_5.7, 6;
    %dup/vec4;
    %pushi/vec4 10, 0, 5;
    %cmp/u;
    %jmp/1 T_5.8, 6;
    %dup/vec4;
    %pushi/vec4 11, 0, 5;
    %cmp/u;
    %jmp/1 T_5.9, 6;
    %dup/vec4;
    %pushi/vec4 12, 0, 5;
    %cmp/u;
    %jmp/1 T_5.10, 6;
    %dup/vec4;
    %pushi/vec4 13, 0, 5;
    %cmp/u;
    %jmp/1 T_5.11, 6;
    %dup/vec4;
    %pushi/vec4 14, 0, 5;
    %cmp/u;
    %jmp/1 T_5.12, 6;
    %dup/vec4;
    %pushi/vec4 15, 0, 5;
    %cmp/u;
    %jmp/1 T_5.13, 6;
    %dup/vec4;
    %pushi/vec4 16, 0, 5;
    %cmp/u;
    %jmp/1 T_5.14, 6;
    %dup/vec4;
    %pushi/vec4 17, 0, 5;
    %cmp/u;
    %jmp/1 T_5.15, 6;
    %load/vec4 v000002a2766cd030_0;
    %store/vec4 v000002a2766cd670_0, 0, 32;
    %jmp T_5.17;
T_5.0 ;
    %load/vec4 v000002a2766ccd10_0;
    %store/vec4 v000002a2766cd670_0, 0, 32;
    %jmp T_5.17;
T_5.1 ;
    %load/vec4 v000002a2766cd030_0;
    %load/vec4 v000002a2766ccd10_0;
    %add;
    %store/vec4 v000002a2766cd670_0, 0, 32;
    %jmp T_5.17;
T_5.2 ;
    %load/vec4 v000002a2766cd030_0;
    %load/vec4 v000002a2766ccd10_0;
    %sub;
    %store/vec4 v000002a2766cd670_0, 0, 32;
    %jmp T_5.17;
T_5.3 ;
    %load/vec4 v000002a2766cd030_0;
    %load/vec4 v000002a2766ccd10_0;
    %cmp/ne;
    %flag_get/vec4 4;
    %pad/u 32;
    %store/vec4 v000002a2766cd670_0, 0, 32;
    %jmp T_5.17;
T_5.4 ;
    %load/vec4 v000002a2766cd030_0;
    %load/vec4 v000002a2766ccd10_0;
    %cmp/s;
    %flag_get/vec4 5;
    %pad/u 32;
    %store/vec4 v000002a2766cd670_0, 0, 32;
    %jmp T_5.17;
T_5.5 ;
    %load/vec4 v000002a2766ccd10_0;
    %load/vec4 v000002a2766cd030_0;
    %cmp/s;
    %flag_get/vec4 4;
    %flag_get/vec4 5;
    %or;
    %pad/u 32;
    %store/vec4 v000002a2766cd670_0, 0, 32;
    %jmp T_5.17;
T_5.6 ;
    %load/vec4 v000002a2766cd030_0;
    %load/vec4 v000002a2766ccd10_0;
    %cmp/u;
    %flag_get/vec4 5;
    %pad/u 32;
    %store/vec4 v000002a2766cd670_0, 0, 32;
    %jmp T_5.17;
T_5.7 ;
    %load/vec4 v000002a2766ccd10_0;
    %load/vec4 v000002a2766cd030_0;
    %cmp/u;
    %flag_get/vec4 4;
    %flag_get/vec4 5;
    %or;
    %pad/u 32;
    %store/vec4 v000002a2766cd670_0, 0, 32;
    %jmp T_5.17;
T_5.8 ;
    %load/vec4 v000002a2766cd030_0;
    %load/vec4 v000002a2766ccd10_0;
    %cmp/s;
    %flag_mov 8, 5;
    %jmp/0 T_5.18, 8;
    %pushi/vec4 1, 0, 32;
    %jmp/1 T_5.19, 8;
T_5.18 ; End of true expr.
    %pushi/vec4 0, 0, 32;
    %jmp/0 T_5.19, 8;
 ; End of false expr.
    %blend;
T_5.19;
    %store/vec4 v000002a2766cd670_0, 0, 32;
    %jmp T_5.17;
T_5.9 ;
    %load/vec4 v000002a2766cd030_0;
    %load/vec4 v000002a2766ccd10_0;
    %cmp/u;
    %flag_mov 8, 5;
    %jmp/0 T_5.20, 8;
    %pushi/vec4 1, 0, 32;
    %jmp/1 T_5.21, 8;
T_5.20 ; End of true expr.
    %pushi/vec4 0, 0, 32;
    %jmp/0 T_5.21, 8;
 ; End of false expr.
    %blend;
T_5.21;
    %store/vec4 v000002a2766cd670_0, 0, 32;
    %jmp T_5.17;
T_5.10 ;
    %load/vec4 v000002a2766cd030_0;
    %load/vec4 v000002a2766ccd10_0;
    %xor;
    %store/vec4 v000002a2766cd670_0, 0, 32;
    %jmp T_5.17;
T_5.11 ;
    %load/vec4 v000002a2766cd030_0;
    %load/vec4 v000002a2766ccd10_0;
    %or;
    %store/vec4 v000002a2766cd670_0, 0, 32;
    %jmp T_5.17;
T_5.12 ;
    %load/vec4 v000002a2766cd030_0;
    %load/vec4 v000002a2766ccd10_0;
    %and;
    %store/vec4 v000002a2766cd670_0, 0, 32;
    %jmp T_5.17;
T_5.13 ;
    %load/vec4 v000002a2766cd030_0;
    %load/vec4 v000002a2766ccd10_0;
    %parti/s 5, 0, 2;
    %ix/vec4 4;
    %shiftl 4;
    %store/vec4 v000002a2766cd670_0, 0, 32;
    %jmp T_5.17;
T_5.14 ;
    %load/vec4 v000002a2766cd030_0;
    %load/vec4 v000002a2766ccd10_0;
    %parti/s 5, 0, 2;
    %ix/vec4 4;
    %shiftr 4;
    %store/vec4 v000002a2766cd670_0, 0, 32;
    %jmp T_5.17;
T_5.15 ;
    %load/vec4 v000002a2766cd030_0;
    %load/vec4 v000002a2766ccd10_0;
    %parti/s 5, 0, 2;
    %ix/vec4 4;
    %shiftr/s 4;
    %store/vec4 v000002a2766cd670_0, 0, 32;
    %jmp T_5.17;
T_5.17 ;
    %pop/vec4 1;
    %jmp T_5;
    .thread T_5, $push;
    .scope S_000002a276331d50;
T_6 ;
    %wait E_000002a27631b230;
    %load/vec4 v000002a2766cf400_0;
    %dup/vec4;
    %pushi/vec4 0, 0, 2;
    %cmp/u;
    %jmp/1 T_6.0, 6;
    %dup/vec4;
    %pushi/vec4 1, 0, 2;
    %cmp/u;
    %jmp/1 T_6.1, 6;
    %dup/vec4;
    %pushi/vec4 2, 0, 2;
    %cmp/u;
    %jmp/1 T_6.2, 6;
    %load/vec4 v000002a2766d0510_0;
    %assign/vec4 v000002a2766cef00_0, 0;
    %jmp T_6.4;
T_6.0 ;
    %load/vec4 v000002a2766d0510_0;
    %assign/vec4 v000002a2766cef00_0, 0;
    %jmp T_6.4;
T_6.1 ;
    %load/vec4 v000002a2766cf7c0_0;
    %assign/vec4 v000002a2766cef00_0, 0;
    %jmp T_6.4;
T_6.2 ;
    %load/vec4 v000002a2766cffe0_0;
    %addi 4, 0, 32;
    %assign/vec4 v000002a2766cef00_0, 0;
    %jmp T_6.4;
T_6.4 ;
    %pop/vec4 1;
    %jmp T_6;
    .thread T_6, $push;
    .scope S_000002a276331bc0;
T_7 ;
    %wait E_000002a27631b330;
    %load/vec4 v000002a27631f360_0;
    %flag_set/vec4 8;
    %jmp/0xz  T_7.0, 8;
    %load/vec4 v000002a27631eaa0_0;
    %load/vec4 v000002a2763203a0_0;
    %parti/s 7, 2, 3;
    %pad/u 9;
    %ix/vec4 3;
    %ix/load 4, 0, 0; Constant delay
    %assign/vec4/a/d v000002a276320080, 0, 4;
T_7.0 ;
    %jmp T_7;
    .thread T_7;
    .scope S_000002a276331bc0;
T_8 ;
    %wait E_000002a27631b2f0;
    %load/vec4 v000002a2763203a0_0;
    %parti/s 7, 2, 3;
    %pad/u 9;
    %ix/vec4 4;
    %load/vec4a v000002a276320080, 4;
    %assign/vec4 v000002a2763204e0_0, 0;
    %jmp T_8;
    .thread T_8, $push;
    .scope S_000002a2762d30e0;
T_9 ;
    %vpi_call/w 13 6 "$readmemh", "rv32_sid_sort_sim.dat", v000002a2766d1b90 {0 0 0};
    %end;
    .thread T_9;
    .scope S_000002a27632f9a0;
T_10 ;
    %vpi_call/w 3 7 "$readmemh", "riscv_sidascsorting_sim.dat", v000002a2766d1b90 {0 0 0};
    %pushi/vec4 0, 0, 32;
    %store/vec4 v000002a2766d0bf0_0, 0, 32;
T_10.0 ;
    %load/vec4 v000002a2766d0bf0_0;
    %cmpi/s 128, 0, 32;
    %jmp/0xz T_10.1, 5;
    %pushi/vec4 0, 0, 32;
    %ix/getv/s 4, v000002a2766d0bf0_0;
    %store/vec4a v000002a276320080, 4, 0;
    %load/vec4 v000002a2766d0bf0_0;
    %addi 1, 0, 32;
    %store/vec4 v000002a2766d0bf0_0, 0, 32;
    %jmp T_10.0;
T_10.1 ;
    %pushi/vec4 1, 0, 1;
    %store/vec4 v000002a2766d15f0_0, 0, 1;
    %pushi/vec4 1, 0, 1;
    %store/vec4 v000002a2766d0d30_0, 0, 1;
    %pushi/vec4 0, 0, 5;
    %store/vec4 v000002a2766d0150_0, 0, 5;
    %pushi/vec4 0, 0, 32;
    %store/vec4 v000002a2766d1550_0, 0, 32;
    %delay 10, 0;
    %pushi/vec4 0, 0, 1;
    %store/vec4 v000002a2766d0d30_0, 0, 1;
    %end;
    .thread T_10;
    .scope S_000002a27632f9a0;
T_11 ;
    %delay 5, 0;
    %load/vec4 v000002a2766d15f0_0;
    %inv;
    %store/vec4 v000002a2766d15f0_0, 0, 1;
    %jmp T_11;
    .thread T_11;
    .scope S_000002a27632f9a0;
T_12 ;
    %vpi_call/w 3 13 "$dumpfile", "sc_official_sort.vcd" {0 0 0};
    %vpi_call/w 3 13 "$dumpvars", 32'sb00000000000000000000000000000000, S_000002a27632f9a0 {0 0 0};
    %delay 20000, 0;
    %ix/load 4, 96, 0;
    %flag_set/imm 4, 0;
    %load/vec4a v000002a276320080, 4;
    %cmpi/ne 1418147120, 0, 32;
    %jmp/0xz  T_12.0, 6;
    %vpi_call/w 3 15 "$display", "[FAIL] original expected 54873530 got %h", &A<v000002a276320080, 96> {0 0 0};
    %load/vec4 v000002a2766d1550_0;
    %addi 1, 0, 32;
    %store/vec4 v000002a2766d1550_0, 0, 32;
T_12.0 ;
    %ix/load 4, 97, 0;
    %flag_set/imm 4, 0;
    %load/vec4a v000002a276320080, 4;
    %cmpi/ne 53761400, 0, 32;
    %jmp/0xz  T_12.2, 6;
    %vpi_call/w 3 16 "$display", "[FAIL] sorted expected 03345578 got %h", &A<v000002a276320080, 97> {0 0 0};
    %load/vec4 v000002a2766d1550_0;
    %addi 1, 0, 32;
    %store/vec4 v000002a2766d1550_0, 0, 32;
T_12.2 ;
    %vpi_call/w 3 17 "$display", "[RESULT] official_original=%h", &A<v000002a276320080, 96> {0 0 0};
    %vpi_call/w 3 18 "$display", "[RESULT] official_sorted=%h", &A<v000002a276320080, 97> {0 0 0};
    %load/vec4 v000002a2766d1550_0;
    %cmpi/e 0, 0, 32;
    %jmp/0xz  T_12.4, 4;
    %vpi_call/w 3 19 "$display", "[PASS] sc official sid sorting simulation passed." {0 0 0};
    %jmp T_12.5;
T_12.4 ;
    %vpi_call/w 3 20 "$display", "[FAIL] sc official sid sorting simulation failed with %0d error(s).", v000002a2766d1550_0 {0 0 0};
T_12.5 ;
    %delay 20, 0;
    %vpi_call/w 3 21 "$finish" {0 0 0};
    %end;
    .thread T_12;
# The file index is used to find the file name in the following table.
:file_names 14;
    "N/A";
    "<interactive>";
    "-";
    "sc_official_sort_tb.v";
    "sccomp.v";
    "dm.v";
    "SCCPU.v";
    "EXT.v";
    "NPC.v";
    "PC.v";
    "RF.v";
    "alu.v";
    "ctrl.v";
    "im.v";
