#! /c/Source/iverilog-install/bin/vvp
:ivl_version "12.0 (devel)" "(s20150603-1539-g2693dd32b)";
:ivl_delay_selection "TYPICAL";
:vpi_time_precision - 9;
:vpi_module "D:\experiment\iVerilog\lib\ivl\system.vpi";
:vpi_module "D:\experiment\iVerilog\lib\ivl\vhdl_sys.vpi";
:vpi_module "D:\experiment\iVerilog\lib\ivl\vhdl_textio.vpi";
:vpi_module "D:\experiment\iVerilog\lib\ivl\v2005_math.vpi";
:vpi_module "D:\experiment\iVerilog\lib\ivl\va_math.vpi";
:vpi_module "D:\experiment\iVerilog\lib\ivl\v2009.vpi";
S_000001c716af6ff0 .scope package, "$unit" "$unit" 2 1;
 .timescale 0 0;
S_000001c716afb620 .scope module, "pipe_official_sort_tb" "pipe_official_sort_tb" 3 2;
 .timescale -9 -9;
v000001c716ea3dc0_0 .var "clk", 0 0;
v000001c716ea4360_0 .var/i "errors", 31 0;
v000001c716ea4d60_0 .var/i "i", 31 0;
v000001c716ea5080_0 .net "pc_debug", 31 0, L_000001c716ade6f0;  1 drivers
v000001c716ea4400_0 .net "reg_data", 31 0, L_000001c716efd5d0;  1 drivers
v000001c716ea31e0_0 .var "rstn", 0 0;
v000001c716ea3280_0 .net "sid_original", 31 0, L_000001c716f03c40;  1 drivers
v000001c716ea3460_0 .net "sid_sorted", 31 0, L_000001c716f03af0;  1 drivers
S_000001c716afb7b0 .scope module, "dut" "pipecomp" 3 5, 4 1 0, S_000001c716afb620;
 .timescale -9 -9;
    .port_info 0 /INPUT 1 "clk";
    .port_info 1 /INPUT 1 "rstn";
    .port_info 2 /INPUT 5 "reg_sel";
    .port_info 3 /OUTPUT 32 "reg_data";
    .port_info 4 /OUTPUT 32 "pc_debug";
    .port_info 5 /OUTPUT 32 "sid_original";
    .port_info 6 /OUTPUT 32 "sid_sorted";
L_000001c716ade6f0 .functor BUFZ 32, L_000001c716adeca0, C4<00000000000000000000000000000000>, C4<00000000000000000000000000000000>, C4<00000000000000000000000000000000>;
v000001c716ea3e60_0 .net "MemWrite", 0 0, L_000001c716f03a10;  1 drivers
v000001c716ea3d20_0 .net "PC", 31 0, L_000001c716adeca0;  1 drivers
v000001c716ea4b80_0 .net "clk", 0 0, v000001c716ea3dc0_0;  1 drivers
v000001c716ea33c0_0 .net "dm_addr", 31 0, L_000001c716f04030;  1 drivers
v000001c716ea4f40_0 .net "dm_din", 31 0, L_000001c716f03a80;  1 drivers
v000001c716ea3b40_0 .net "dm_dout", 31 0, v000001c716ae2d70_0;  1 drivers
v000001c716ea36e0_0 .net "instr", 31 0, L_000001c716f03bd0;  1 drivers
v000001c716ea3fa0_0 .net "pc_debug", 31 0, L_000001c716ade6f0;  alias, 1 drivers
v000001c716ea4680_0 .net "reg_data", 31 0, L_000001c716efd5d0;  alias, 1 drivers
L_000001c716ea5b38 .functor BUFT 1, C4<00000>, C4<0>, C4<0>, C4<0>;
v000001c716ea38c0_0 .net "reg_sel", 4 0, L_000001c716ea5b38;  1 drivers
v000001c716ea4fe0_0 .net "rstn", 0 0, v000001c716ea31e0_0;  1 drivers
v000001c716ea3780_0 .net "sid_original", 31 0, L_000001c716f03c40;  alias, 1 drivers
v000001c716ea3960_0 .net "sid_sorted", 31 0, L_000001c716f03af0;  alias, 1 drivers
L_000001c716f05bf0 .part L_000001c716adeca0, 2, 30;
S_000001c716afbd00 .scope module, "U_DM" "dm" 4 22, 5 3 0, S_000001c716afb7b0;
 .timescale -9 -9;
    .port_info 0 /INPUT 1 "clk";
    .port_info 1 /INPUT 1 "DMWr";
    .port_info 2 /INPUT 32 "addr";
    .port_info 3 /INPUT 32 "din";
    .port_info 4 /OUTPUT 32 "dout";
    .port_info 5 /OUTPUT 32 "sid_original";
    .port_info 6 /OUTPUT 32 "sid_sorted";
v000001c716ae34f0_96 .array/port v000001c716ae34f0, 96;
L_000001c716f03c40 .functor BUFZ 32, v000001c716ae34f0_96, C4<00000000000000000000000000000000>, C4<00000000000000000000000000000000>, C4<00000000000000000000000000000000>;
v000001c716ae34f0_97 .array/port v000001c716ae34f0, 97;
L_000001c716f03af0 .functor BUFZ 32, v000001c716ae34f0_97, C4<00000000000000000000000000000000>, C4<00000000000000000000000000000000>, C4<00000000000000000000000000000000>;
v000001c716ae31d0_0 .net "DMWr", 0 0, L_000001c716f03a10;  alias, 1 drivers
v000001c716ae3450_0 .net "addr", 31 0, L_000001c716f04030;  alias, 1 drivers
v000001c716ae1fb0_0 .net "clk", 0 0, v000001c716ea3dc0_0;  alias, 1 drivers
v000001c716ae2690_0 .net "din", 31 0, L_000001c716f03a80;  alias, 1 drivers
v000001c716ae34f0 .array "dmem", 0 127, 31 0;
v000001c716ae2d70_0 .var "dout", 31 0;
v000001c716ae36d0_0 .net "sid_original", 31 0, L_000001c716f03c40;  alias, 1 drivers
v000001c716ae3950_0 .net "sid_sorted", 31 0, L_000001c716f03af0;  alias, 1 drivers
v000001c716ae34f0_0 .array/port v000001c716ae34f0, 0;
v000001c716ae34f0_1 .array/port v000001c716ae34f0, 1;
v000001c716ae34f0_2 .array/port v000001c716ae34f0, 2;
E_000001c716ad4200/0 .event anyedge, v000001c716ae3450_0, v000001c716ae34f0_0, v000001c716ae34f0_1, v000001c716ae34f0_2;
v000001c716ae34f0_3 .array/port v000001c716ae34f0, 3;
v000001c716ae34f0_4 .array/port v000001c716ae34f0, 4;
v000001c716ae34f0_5 .array/port v000001c716ae34f0, 5;
v000001c716ae34f0_6 .array/port v000001c716ae34f0, 6;
E_000001c716ad4200/1 .event anyedge, v000001c716ae34f0_3, v000001c716ae34f0_4, v000001c716ae34f0_5, v000001c716ae34f0_6;
v000001c716ae34f0_7 .array/port v000001c716ae34f0, 7;
v000001c716ae34f0_8 .array/port v000001c716ae34f0, 8;
v000001c716ae34f0_9 .array/port v000001c716ae34f0, 9;
v000001c716ae34f0_10 .array/port v000001c716ae34f0, 10;
E_000001c716ad4200/2 .event anyedge, v000001c716ae34f0_7, v000001c716ae34f0_8, v000001c716ae34f0_9, v000001c716ae34f0_10;
v000001c716ae34f0_11 .array/port v000001c716ae34f0, 11;
v000001c716ae34f0_12 .array/port v000001c716ae34f0, 12;
v000001c716ae34f0_13 .array/port v000001c716ae34f0, 13;
v000001c716ae34f0_14 .array/port v000001c716ae34f0, 14;
E_000001c716ad4200/3 .event anyedge, v000001c716ae34f0_11, v000001c716ae34f0_12, v000001c716ae34f0_13, v000001c716ae34f0_14;
v000001c716ae34f0_15 .array/port v000001c716ae34f0, 15;
v000001c716ae34f0_16 .array/port v000001c716ae34f0, 16;
v000001c716ae34f0_17 .array/port v000001c716ae34f0, 17;
v000001c716ae34f0_18 .array/port v000001c716ae34f0, 18;
E_000001c716ad4200/4 .event anyedge, v000001c716ae34f0_15, v000001c716ae34f0_16, v000001c716ae34f0_17, v000001c716ae34f0_18;
v000001c716ae34f0_19 .array/port v000001c716ae34f0, 19;
v000001c716ae34f0_20 .array/port v000001c716ae34f0, 20;
v000001c716ae34f0_21 .array/port v000001c716ae34f0, 21;
v000001c716ae34f0_22 .array/port v000001c716ae34f0, 22;
E_000001c716ad4200/5 .event anyedge, v000001c716ae34f0_19, v000001c716ae34f0_20, v000001c716ae34f0_21, v000001c716ae34f0_22;
v000001c716ae34f0_23 .array/port v000001c716ae34f0, 23;
v000001c716ae34f0_24 .array/port v000001c716ae34f0, 24;
v000001c716ae34f0_25 .array/port v000001c716ae34f0, 25;
v000001c716ae34f0_26 .array/port v000001c716ae34f0, 26;
E_000001c716ad4200/6 .event anyedge, v000001c716ae34f0_23, v000001c716ae34f0_24, v000001c716ae34f0_25, v000001c716ae34f0_26;
v000001c716ae34f0_27 .array/port v000001c716ae34f0, 27;
v000001c716ae34f0_28 .array/port v000001c716ae34f0, 28;
v000001c716ae34f0_29 .array/port v000001c716ae34f0, 29;
v000001c716ae34f0_30 .array/port v000001c716ae34f0, 30;
E_000001c716ad4200/7 .event anyedge, v000001c716ae34f0_27, v000001c716ae34f0_28, v000001c716ae34f0_29, v000001c716ae34f0_30;
v000001c716ae34f0_31 .array/port v000001c716ae34f0, 31;
v000001c716ae34f0_32 .array/port v000001c716ae34f0, 32;
v000001c716ae34f0_33 .array/port v000001c716ae34f0, 33;
v000001c716ae34f0_34 .array/port v000001c716ae34f0, 34;
E_000001c716ad4200/8 .event anyedge, v000001c716ae34f0_31, v000001c716ae34f0_32, v000001c716ae34f0_33, v000001c716ae34f0_34;
v000001c716ae34f0_35 .array/port v000001c716ae34f0, 35;
v000001c716ae34f0_36 .array/port v000001c716ae34f0, 36;
v000001c716ae34f0_37 .array/port v000001c716ae34f0, 37;
v000001c716ae34f0_38 .array/port v000001c716ae34f0, 38;
E_000001c716ad4200/9 .event anyedge, v000001c716ae34f0_35, v000001c716ae34f0_36, v000001c716ae34f0_37, v000001c716ae34f0_38;
v000001c716ae34f0_39 .array/port v000001c716ae34f0, 39;
v000001c716ae34f0_40 .array/port v000001c716ae34f0, 40;
v000001c716ae34f0_41 .array/port v000001c716ae34f0, 41;
v000001c716ae34f0_42 .array/port v000001c716ae34f0, 42;
E_000001c716ad4200/10 .event anyedge, v000001c716ae34f0_39, v000001c716ae34f0_40, v000001c716ae34f0_41, v000001c716ae34f0_42;
v000001c716ae34f0_43 .array/port v000001c716ae34f0, 43;
v000001c716ae34f0_44 .array/port v000001c716ae34f0, 44;
v000001c716ae34f0_45 .array/port v000001c716ae34f0, 45;
v000001c716ae34f0_46 .array/port v000001c716ae34f0, 46;
E_000001c716ad4200/11 .event anyedge, v000001c716ae34f0_43, v000001c716ae34f0_44, v000001c716ae34f0_45, v000001c716ae34f0_46;
v000001c716ae34f0_47 .array/port v000001c716ae34f0, 47;
v000001c716ae34f0_48 .array/port v000001c716ae34f0, 48;
v000001c716ae34f0_49 .array/port v000001c716ae34f0, 49;
v000001c716ae34f0_50 .array/port v000001c716ae34f0, 50;
E_000001c716ad4200/12 .event anyedge, v000001c716ae34f0_47, v000001c716ae34f0_48, v000001c716ae34f0_49, v000001c716ae34f0_50;
v000001c716ae34f0_51 .array/port v000001c716ae34f0, 51;
v000001c716ae34f0_52 .array/port v000001c716ae34f0, 52;
v000001c716ae34f0_53 .array/port v000001c716ae34f0, 53;
v000001c716ae34f0_54 .array/port v000001c716ae34f0, 54;
E_000001c716ad4200/13 .event anyedge, v000001c716ae34f0_51, v000001c716ae34f0_52, v000001c716ae34f0_53, v000001c716ae34f0_54;
v000001c716ae34f0_55 .array/port v000001c716ae34f0, 55;
v000001c716ae34f0_56 .array/port v000001c716ae34f0, 56;
v000001c716ae34f0_57 .array/port v000001c716ae34f0, 57;
v000001c716ae34f0_58 .array/port v000001c716ae34f0, 58;
E_000001c716ad4200/14 .event anyedge, v000001c716ae34f0_55, v000001c716ae34f0_56, v000001c716ae34f0_57, v000001c716ae34f0_58;
v000001c716ae34f0_59 .array/port v000001c716ae34f0, 59;
v000001c716ae34f0_60 .array/port v000001c716ae34f0, 60;
v000001c716ae34f0_61 .array/port v000001c716ae34f0, 61;
v000001c716ae34f0_62 .array/port v000001c716ae34f0, 62;
E_000001c716ad4200/15 .event anyedge, v000001c716ae34f0_59, v000001c716ae34f0_60, v000001c716ae34f0_61, v000001c716ae34f0_62;
v000001c716ae34f0_63 .array/port v000001c716ae34f0, 63;
v000001c716ae34f0_64 .array/port v000001c716ae34f0, 64;
v000001c716ae34f0_65 .array/port v000001c716ae34f0, 65;
v000001c716ae34f0_66 .array/port v000001c716ae34f0, 66;
E_000001c716ad4200/16 .event anyedge, v000001c716ae34f0_63, v000001c716ae34f0_64, v000001c716ae34f0_65, v000001c716ae34f0_66;
v000001c716ae34f0_67 .array/port v000001c716ae34f0, 67;
v000001c716ae34f0_68 .array/port v000001c716ae34f0, 68;
v000001c716ae34f0_69 .array/port v000001c716ae34f0, 69;
v000001c716ae34f0_70 .array/port v000001c716ae34f0, 70;
E_000001c716ad4200/17 .event anyedge, v000001c716ae34f0_67, v000001c716ae34f0_68, v000001c716ae34f0_69, v000001c716ae34f0_70;
v000001c716ae34f0_71 .array/port v000001c716ae34f0, 71;
v000001c716ae34f0_72 .array/port v000001c716ae34f0, 72;
v000001c716ae34f0_73 .array/port v000001c716ae34f0, 73;
v000001c716ae34f0_74 .array/port v000001c716ae34f0, 74;
E_000001c716ad4200/18 .event anyedge, v000001c716ae34f0_71, v000001c716ae34f0_72, v000001c716ae34f0_73, v000001c716ae34f0_74;
v000001c716ae34f0_75 .array/port v000001c716ae34f0, 75;
v000001c716ae34f0_76 .array/port v000001c716ae34f0, 76;
v000001c716ae34f0_77 .array/port v000001c716ae34f0, 77;
v000001c716ae34f0_78 .array/port v000001c716ae34f0, 78;
E_000001c716ad4200/19 .event anyedge, v000001c716ae34f0_75, v000001c716ae34f0_76, v000001c716ae34f0_77, v000001c716ae34f0_78;
v000001c716ae34f0_79 .array/port v000001c716ae34f0, 79;
v000001c716ae34f0_80 .array/port v000001c716ae34f0, 80;
v000001c716ae34f0_81 .array/port v000001c716ae34f0, 81;
v000001c716ae34f0_82 .array/port v000001c716ae34f0, 82;
E_000001c716ad4200/20 .event anyedge, v000001c716ae34f0_79, v000001c716ae34f0_80, v000001c716ae34f0_81, v000001c716ae34f0_82;
v000001c716ae34f0_83 .array/port v000001c716ae34f0, 83;
v000001c716ae34f0_84 .array/port v000001c716ae34f0, 84;
v000001c716ae34f0_85 .array/port v000001c716ae34f0, 85;
v000001c716ae34f0_86 .array/port v000001c716ae34f0, 86;
E_000001c716ad4200/21 .event anyedge, v000001c716ae34f0_83, v000001c716ae34f0_84, v000001c716ae34f0_85, v000001c716ae34f0_86;
v000001c716ae34f0_87 .array/port v000001c716ae34f0, 87;
v000001c716ae34f0_88 .array/port v000001c716ae34f0, 88;
v000001c716ae34f0_89 .array/port v000001c716ae34f0, 89;
v000001c716ae34f0_90 .array/port v000001c716ae34f0, 90;
E_000001c716ad4200/22 .event anyedge, v000001c716ae34f0_87, v000001c716ae34f0_88, v000001c716ae34f0_89, v000001c716ae34f0_90;
v000001c716ae34f0_91 .array/port v000001c716ae34f0, 91;
v000001c716ae34f0_92 .array/port v000001c716ae34f0, 92;
v000001c716ae34f0_93 .array/port v000001c716ae34f0, 93;
v000001c716ae34f0_94 .array/port v000001c716ae34f0, 94;
E_000001c716ad4200/23 .event anyedge, v000001c716ae34f0_91, v000001c716ae34f0_92, v000001c716ae34f0_93, v000001c716ae34f0_94;
v000001c716ae34f0_95 .array/port v000001c716ae34f0, 95;
v000001c716ae34f0_98 .array/port v000001c716ae34f0, 98;
E_000001c716ad4200/24 .event anyedge, v000001c716ae34f0_95, v000001c716ae34f0_96, v000001c716ae34f0_97, v000001c716ae34f0_98;
v000001c716ae34f0_99 .array/port v000001c716ae34f0, 99;
v000001c716ae34f0_100 .array/port v000001c716ae34f0, 100;
v000001c716ae34f0_101 .array/port v000001c716ae34f0, 101;
v000001c716ae34f0_102 .array/port v000001c716ae34f0, 102;
E_000001c716ad4200/25 .event anyedge, v000001c716ae34f0_99, v000001c716ae34f0_100, v000001c716ae34f0_101, v000001c716ae34f0_102;
v000001c716ae34f0_103 .array/port v000001c716ae34f0, 103;
v000001c716ae34f0_104 .array/port v000001c716ae34f0, 104;
v000001c716ae34f0_105 .array/port v000001c716ae34f0, 105;
v000001c716ae34f0_106 .array/port v000001c716ae34f0, 106;
E_000001c716ad4200/26 .event anyedge, v000001c716ae34f0_103, v000001c716ae34f0_104, v000001c716ae34f0_105, v000001c716ae34f0_106;
v000001c716ae34f0_107 .array/port v000001c716ae34f0, 107;
v000001c716ae34f0_108 .array/port v000001c716ae34f0, 108;
v000001c716ae34f0_109 .array/port v000001c716ae34f0, 109;
v000001c716ae34f0_110 .array/port v000001c716ae34f0, 110;
E_000001c716ad4200/27 .event anyedge, v000001c716ae34f0_107, v000001c716ae34f0_108, v000001c716ae34f0_109, v000001c716ae34f0_110;
v000001c716ae34f0_111 .array/port v000001c716ae34f0, 111;
v000001c716ae34f0_112 .array/port v000001c716ae34f0, 112;
v000001c716ae34f0_113 .array/port v000001c716ae34f0, 113;
v000001c716ae34f0_114 .array/port v000001c716ae34f0, 114;
E_000001c716ad4200/28 .event anyedge, v000001c716ae34f0_111, v000001c716ae34f0_112, v000001c716ae34f0_113, v000001c716ae34f0_114;
v000001c716ae34f0_115 .array/port v000001c716ae34f0, 115;
v000001c716ae34f0_116 .array/port v000001c716ae34f0, 116;
v000001c716ae34f0_117 .array/port v000001c716ae34f0, 117;
v000001c716ae34f0_118 .array/port v000001c716ae34f0, 118;
E_000001c716ad4200/29 .event anyedge, v000001c716ae34f0_115, v000001c716ae34f0_116, v000001c716ae34f0_117, v000001c716ae34f0_118;
v000001c716ae34f0_119 .array/port v000001c716ae34f0, 119;
v000001c716ae34f0_120 .array/port v000001c716ae34f0, 120;
v000001c716ae34f0_121 .array/port v000001c716ae34f0, 121;
v000001c716ae34f0_122 .array/port v000001c716ae34f0, 122;
E_000001c716ad4200/30 .event anyedge, v000001c716ae34f0_119, v000001c716ae34f0_120, v000001c716ae34f0_121, v000001c716ae34f0_122;
v000001c716ae34f0_123 .array/port v000001c716ae34f0, 123;
v000001c716ae34f0_124 .array/port v000001c716ae34f0, 124;
v000001c716ae34f0_125 .array/port v000001c716ae34f0, 125;
v000001c716ae34f0_126 .array/port v000001c716ae34f0, 126;
E_000001c716ad4200/31 .event anyedge, v000001c716ae34f0_123, v000001c716ae34f0_124, v000001c716ae34f0_125, v000001c716ae34f0_126;
v000001c716ae34f0_127 .array/port v000001c716ae34f0, 127;
E_000001c716ad4200/32 .event anyedge, v000001c716ae34f0_127;
E_000001c716ad4200 .event/or E_000001c716ad4200/0, E_000001c716ad4200/1, E_000001c716ad4200/2, E_000001c716ad4200/3, E_000001c716ad4200/4, E_000001c716ad4200/5, E_000001c716ad4200/6, E_000001c716ad4200/7, E_000001c716ad4200/8, E_000001c716ad4200/9, E_000001c716ad4200/10, E_000001c716ad4200/11, E_000001c716ad4200/12, E_000001c716ad4200/13, E_000001c716ad4200/14, E_000001c716ad4200/15, E_000001c716ad4200/16, E_000001c716ad4200/17, E_000001c716ad4200/18, E_000001c716ad4200/19, E_000001c716ad4200/20, E_000001c716ad4200/21, E_000001c716ad4200/22, E_000001c716ad4200/23, E_000001c716ad4200/24, E_000001c716ad4200/25, E_000001c716ad4200/26, E_000001c716ad4200/27, E_000001c716ad4200/28, E_000001c716ad4200/29, E_000001c716ad4200/30, E_000001c716ad4200/31, E_000001c716ad4200/32;
E_000001c716ad46c0 .event posedge, v000001c716ae1fb0_0;
S_000001c716afbe90 .scope module, "U_PIPECPU" "PipeCPU" 4 16, 6 3 0, S_000001c716afb7b0;
 .timescale -9 -9;
    .port_info 0 /INPUT 1 "clk";
    .port_info 1 /INPUT 1 "reset";
    .port_info 2 /INPUT 32 "inst_in";
    .port_info 3 /INPUT 32 "Data_in";
    .port_info 4 /OUTPUT 1 "mem_w";
    .port_info 5 /OUTPUT 32 "PC_out";
    .port_info 6 /OUTPUT 32 "Addr_out";
    .port_info 7 /OUTPUT 32 "Data_out";
    .port_info 8 /INPUT 5 "reg_sel";
    .port_info 9 /OUTPUT 32 "reg_data";
L_000001c716adeca0 .functor BUFZ 32, v000001c716ea44a0_0, C4<00000000000000000000000000000000>, C4<00000000000000000000000000000000>, C4<00000000000000000000000000000000>;
L_000001c716addf80 .functor AND 1, L_000001c716ade760, L_000001c716efdf30, C4<1>, C4<1>;
L_000001c716ade060 .functor AND 1, L_000001c716addf80, L_000001c716efd350, C4<1>, C4<1>;
L_000001c716addff0 .functor AND 1, L_000001c716ade760, L_000001c716efeed0, C4<1>, C4<1>;
L_000001c716adebc0 .functor AND 1, L_000001c716addff0, L_000001c716efe750, C4<1>, C4<1>;
L_000001c716ade220 .functor BUFZ 5, v000001c716ea42c0_0, C4<00000>, C4<00000>, C4<00000>;
L_000001c716ade760 .functor AND 1, v000001c716ea45e0_0, v000001c716ea40e0_0, C4<1>, C4<1>;
L_000001c716a9c100 .functor AND 1, v000001c716ea07a0_0, v000001c716ea0480_0, C4<1>, C4<1>;
L_000001c716a9c1e0 .functor AND 1, L_000001c716a9c100, L_000001c716efdcb0, C4<1>, C4<1>;
L_000001c716f03690 .functor AND 1, L_000001c716a9c1e0, L_000001c716efdd50, C4<1>, C4<1>;
L_000001c716f03b60 .functor AND 1, v000001c716ea45e0_0, v000001c716ea40e0_0, C4<1>, C4<1>;
L_000001c716f03e70 .functor AND 1, L_000001c716f03b60, L_000001c716efddf0, C4<1>, C4<1>;
L_000001c716f040a0 .functor AND 1, L_000001c716f03690, L_000001c716efde90, C4<1>, C4<1>;
L_000001c716f03700 .functor AND 1, L_000001c716f03e70, L_000001c716f056f0, C4<1>, C4<1>;
L_000001c716f03850 .functor AND 1, L_000001c716f03690, L_000001c716f06690, C4<1>, C4<1>;
L_000001c716f03460 .functor AND 1, L_000001c716f03e70, L_000001c716f05e70, C4<1>, C4<1>;
L_000001c716f03770 .functor AND 1, v000001c716ea2e90_0, v000001c716ea2990_0, C4<1>, C4<1>;
L_000001c716f037e0 .functor AND 1, L_000001c716f03770, L_000001c716f042f0, C4<1>, C4<1>;
L_000001c716f035b0 .functor AND 1, v000001c716ea2e90_0, v000001c716ea1bd0_0, C4<1>, C4<1>;
L_000001c716f038c0 .functor AND 1, v000001c716ea2e90_0, v000001c716ea1590_0, C4<1>, C4<1>;
L_000001c716f04110 .functor OR 1, L_000001c716f037e0, L_000001c716f035b0, C4<0>, C4<0>;
L_000001c716f03d90 .functor OR 1, L_000001c716f04110, L_000001c716f038c0, C4<0>, C4<0>;
L_000001c716ea5a60 .functor BUFT 1, C4<11111111111111111111111111111110>, C4<0>, C4<0>, C4<0>;
L_000001c716f034d0 .functor AND 32, L_000001c716f04890, L_000001c716ea5a60, C4<11111111111111111111111111111111>, C4<11111111111111111111111111111111>;
L_000001c716f03930 .functor AND 1, v000001c716ea2e90_0, L_000001c716f062d0, C4<1>, C4<1>;
L_000001c716f03f50 .functor AND 1, L_000001c716f03930, L_000001c716f05290, C4<1>, C4<1>;
L_000001c716f039a0 .functor AND 1, L_000001c716f03f50, v000001c716ea27b0_0, C4<1>, C4<1>;
L_000001c716f03d20 .functor OR 1, L_000001c716f053d0, L_000001c716f05ab0, C4<0>, C4<0>;
L_000001c716f03230 .functor AND 1, L_000001c716f039a0, L_000001c716f03d20, C4<1>, C4<1>;
L_000001c716f03a10 .functor AND 1, v000001c716ea07a0_0, v000001c716e9f9e0_0, C4<1>, C4<1>;
L_000001c716f04030 .functor BUFZ 32, v000001c716e9ff80_0, C4<00000000000000000000000000000000>, C4<00000000000000000000000000000000>, C4<00000000000000000000000000000000>;
L_000001c716f03a80 .functor BUFZ 32, v000001c716ea0520_0, C4<00000000000000000000000000000000>, C4<00000000000000000000000000000000>, C4<00000000000000000000000000000000>;
v000001c716e9de30_0 .net "Addr_out", 31 0, L_000001c716f04030;  alias, 1 drivers
v000001c716e9d4d0_0 .net "Data_in", 31 0, v000001c716ae2d70_0;  alias, 1 drivers
v000001c716e9eb50_0 .net "Data_out", 31 0, L_000001c716f03a80;  alias, 1 drivers
v000001c716e9e1f0_0 .net "PC_out", 31 0, L_000001c716adeca0;  alias, 1 drivers
v000001c716e9d890_0 .net *"_ivl_103", 0 0, L_000001c716a9c100;  1 drivers
L_000001c716ea5700 .functor BUFT 1, C4<00000>, C4<0>, C4<0>, C4<0>;
v000001c716e9e970_0 .net/2u *"_ivl_104", 4 0, L_000001c716ea5700;  1 drivers
v000001c716e9e790_0 .net *"_ivl_106", 0 0, L_000001c716efdcb0;  1 drivers
v000001c716e9e3d0_0 .net *"_ivl_109", 0 0, L_000001c716a9c1e0;  1 drivers
L_000001c716ea5748 .functor BUFT 1, C4<01>, C4<0>, C4<0>, C4<0>;
v000001c716e9e830_0 .net/2u *"_ivl_110", 1 0, L_000001c716ea5748;  1 drivers
v000001c716e9d250_0 .net *"_ivl_112", 0 0, L_000001c716efdd50;  1 drivers
v000001c716e9e8d0_0 .net *"_ivl_117", 0 0, L_000001c716f03b60;  1 drivers
L_000001c716ea5790 .functor BUFT 1, C4<00000>, C4<0>, C4<0>, C4<0>;
v000001c716e9d750_0 .net/2u *"_ivl_118", 4 0, L_000001c716ea5790;  1 drivers
v000001c716e9e150_0 .net *"_ivl_120", 0 0, L_000001c716efddf0;  1 drivers
v000001c716e9d1b0_0 .net *"_ivl_124", 0 0, L_000001c716efde90;  1 drivers
v000001c716e9d6b0_0 .net *"_ivl_127", 0 0, L_000001c716f040a0;  1 drivers
L_000001c716ea57d8 .functor BUFT 1, C4<10>, C4<0>, C4<0>, C4<0>;
v000001c716e9ebf0_0 .net/2u *"_ivl_128", 1 0, L_000001c716ea57d8;  1 drivers
v000001c716e9ec90_0 .net *"_ivl_130", 0 0, L_000001c716efe4d0;  1 drivers
v000001c716e9dc50_0 .net *"_ivl_132", 31 0, L_000001c716efdfd0;  1 drivers
v000001c716e9edd0_0 .net *"_ivl_134", 0 0, L_000001c716f056f0;  1 drivers
v000001c716e9ee70_0 .net *"_ivl_137", 0 0, L_000001c716f03700;  1 drivers
v000001c716e9dd90_0 .net *"_ivl_138", 31 0, L_000001c716f064b0;  1 drivers
v000001c716e9e650_0 .net *"_ivl_142", 0 0, L_000001c716f06690;  1 drivers
v000001c716e9d430_0 .net *"_ivl_145", 0 0, L_000001c716f03850;  1 drivers
L_000001c716ea5820 .functor BUFT 1, C4<10>, C4<0>, C4<0>, C4<0>;
v000001c716e9e470_0 .net/2u *"_ivl_146", 1 0, L_000001c716ea5820;  1 drivers
v000001c716e9ef10_0 .net *"_ivl_148", 0 0, L_000001c716f04250;  1 drivers
v000001c716e9d390_0 .net *"_ivl_150", 31 0, L_000001c716f065f0;  1 drivers
v000001c716e9d570_0 .net *"_ivl_152", 0 0, L_000001c716f05e70;  1 drivers
v000001c716e9efb0_0 .net *"_ivl_155", 0 0, L_000001c716f03460;  1 drivers
v000001c716e9e5b0_0 .net *"_ivl_156", 31 0, L_000001c716f04a70;  1 drivers
v000001c716e9f050_0 .net *"_ivl_163", 0 0, L_000001c716f03770;  1 drivers
v000001c716e9e290_0 .net *"_ivl_171", 0 0, L_000001c716f04110;  1 drivers
v000001c716e9d930_0 .net *"_ivl_174", 31 0, L_000001c716f04890;  1 drivers
v000001c716e9d2f0_0 .net/2u *"_ivl_176", 31 0, L_000001c716ea5a60;  1 drivers
v000001c716e9d9d0_0 .net *"_ivl_178", 31 0, L_000001c716f034d0;  1 drivers
v000001c716e9da70_0 .net *"_ivl_180", 31 0, L_000001c716f04750;  1 drivers
L_000001c716ea5aa8 .functor BUFT 1, C4<01>, C4<0>, C4<0>, C4<0>;
v000001c716e9df70_0 .net/2u *"_ivl_184", 1 0, L_000001c716ea5aa8;  1 drivers
v000001c716e9db10_0 .net *"_ivl_186", 0 0, L_000001c716f062d0;  1 drivers
v000001c716e9dcf0_0 .net *"_ivl_189", 0 0, L_000001c716f03930;  1 drivers
L_000001c716ea5af0 .functor BUFT 1, C4<00000>, C4<0>, C4<0>, C4<0>;
v000001c716e9e010_0 .net/2u *"_ivl_190", 4 0, L_000001c716ea5af0;  1 drivers
v000001c716e9e510_0 .net *"_ivl_192", 0 0, L_000001c716f05290;  1 drivers
v000001c716ea0840_0 .net *"_ivl_195", 0 0, L_000001c716f03f50;  1 drivers
v000001c716e9fd00_0 .net *"_ivl_197", 0 0, L_000001c716f039a0;  1 drivers
v000001c716ea0fc0_0 .net *"_ivl_198", 0 0, L_000001c716f053d0;  1 drivers
L_000001c716ea51a8 .functor BUFT 1, C4<00000000000000000000000000000100>, C4<0>, C4<0>, C4<0>;
v000001c716e9fbc0_0 .net/2u *"_ivl_2", 31 0, L_000001c716ea51a8;  1 drivers
v000001c716ea0700_0 .net *"_ivl_200", 0 0, L_000001c716f05ab0;  1 drivers
v000001c716e9f260_0 .net *"_ivl_203", 0 0, L_000001c716f03d20;  1 drivers
v000001c716e9fa80_0 .net *"_ivl_23", 6 0, L_000001c716eff010;  1 drivers
v000001c716e9f300_0 .net *"_ivl_25", 4 0, L_000001c716efe7f0;  1 drivers
v000001c716e9fc60_0 .net *"_ivl_29", 0 0, L_000001c716efea70;  1 drivers
v000001c716e9fee0_0 .net *"_ivl_31", 0 0, L_000001c716efe2f0;  1 drivers
v000001c716e9fda0_0 .net *"_ivl_33", 5 0, L_000001c716efe610;  1 drivers
v000001c716ea0980_0 .net *"_ivl_35", 3 0, L_000001c716efe070;  1 drivers
v000001c716ea05c0_0 .net *"_ivl_41", 0 0, L_000001c716efe930;  1 drivers
v000001c716ea0160_0 .net *"_ivl_43", 7 0, L_000001c716efd7b0;  1 drivers
v000001c716ea0340_0 .net *"_ivl_45", 0 0, L_000001c716efdad0;  1 drivers
v000001c716e9f620_0 .net *"_ivl_47", 9 0, L_000001c716efe890;  1 drivers
L_000001c716ea5508 .functor BUFT 1, C4<00000>, C4<0>, C4<0>, C4<0>;
v000001c716e9fe40_0 .net/2u *"_ivl_50", 4 0, L_000001c716ea5508;  1 drivers
v000001c716ea0660_0 .net *"_ivl_52", 0 0, L_000001c716efdf30;  1 drivers
v000001c716e9f440_0 .net *"_ivl_55", 0 0, L_000001c716addf80;  1 drivers
v000001c716ea1060_0 .net *"_ivl_56", 0 0, L_000001c716efd350;  1 drivers
v000001c716ea0a20_0 .net *"_ivl_59", 0 0, L_000001c716ade060;  1 drivers
L_000001c716ea5550 .functor BUFT 1, C4<00000>, C4<0>, C4<0>, C4<0>;
v000001c716e9f6c0_0 .net/2u *"_ivl_62", 4 0, L_000001c716ea5550;  1 drivers
v000001c716ea0200_0 .net *"_ivl_64", 0 0, L_000001c716efeed0;  1 drivers
v000001c716e9f3a0_0 .net *"_ivl_67", 0 0, L_000001c716addff0;  1 drivers
v000001c716e9f1c0_0 .net *"_ivl_68", 0 0, L_000001c716efe750;  1 drivers
v000001c716ea0e80_0 .net *"_ivl_71", 0 0, L_000001c716adebc0;  1 drivers
L_000001c716ea5598 .functor BUFT 1, C4<1100011>, C4<0>, C4<0>, C4<0>;
v000001c716ea00c0_0 .net/2u *"_ivl_74", 6 0, L_000001c716ea5598;  1 drivers
L_000001c716ea55e0 .functor BUFT 1, C4<1101111>, C4<0>, C4<0>, C4<0>;
v000001c716e9f4e0_0 .net/2u *"_ivl_78", 6 0, L_000001c716ea55e0;  1 drivers
L_000001c716ea5628 .functor BUFT 1, C4<1100111>, C4<0>, C4<0>, C4<0>;
v000001c716e9f940_0 .net/2u *"_ivl_82", 6 0, L_000001c716ea5628;  1 drivers
L_000001c716ea5670 .functor BUFT 1, C4<01>, C4<0>, C4<0>, C4<0>;
v000001c716ea02a0_0 .net/2u *"_ivl_90", 1 0, L_000001c716ea5670;  1 drivers
v000001c716ea0ac0_0 .net *"_ivl_92", 0 0, L_000001c716efd210;  1 drivers
L_000001c716ea56b8 .functor BUFT 1, C4<10>, C4<0>, C4<0>, C4<0>;
v000001c716ea03e0_0 .net/2u *"_ivl_94", 1 0, L_000001c716ea56b8;  1 drivers
v000001c716ea08e0_0 .net *"_ivl_96", 0 0, L_000001c716efd530;  1 drivers
v000001c716ea0c00_0 .net *"_ivl_98", 31 0, L_000001c716efdc10;  1 drivers
v000001c716e9f760_0 .net "alu_b", 31 0, L_000001c716f058d0;  1 drivers
v000001c716e9f580_0 .net "clk", 0 0, v000001c716ea3dc0_0;  alias, 1 drivers
v000001c716e9f800_0 .net "ex_alu", 31 0, v000001c716ae38b0_0;  1 drivers
v000001c716ea0f20_0 .net "ex_zero", 0 0, L_000001c716f042f0;  1 drivers
v000001c716e9ff80_0 .var "exmem_alu", 31 0;
v000001c716e9f8a0_0 .net "exmem_can_forward", 0 0, L_000001c716f03690;  1 drivers
v000001c716e9f9e0_0 .var "exmem_memwrite", 0 0;
v000001c716e9fb20_0 .var "exmem_pc4", 31 0;
v000001c716ea0020_0 .var "exmem_rd", 4 0;
v000001c716ea0480_0 .var "exmem_regwrite", 0 0;
v000001c716ea0520_0 .var "exmem_store", 31 0;
v000001c716ea07a0_0 .var "exmem_valid", 0 0;
v000001c716ea0b60_0 .var "exmem_wdsel", 1 0;
v000001c716ea0ca0_0 .net "fwd_a", 31 0, L_000001c716f051f0;  1 drivers
v000001c716ea0de0_0 .net "fwd_b_raw", 31 0, L_000001c716f047f0;  1 drivers
v000001c716ea0d40_0 .net "id_aluop", 4 0, v000001c716e9cf00_0;  1 drivers
v000001c716ea2fd0_0 .net "id_alusrc", 0 0, v000001c716e9c960_0;  1 drivers
v000001c716ea16d0_0 .net "id_bimm", 11 0, L_000001c716efec50;  1 drivers
v000001c716ea2030_0 .net "id_extop", 5 0, v000001c716e9c640_0;  1 drivers
v000001c716ea2a30_0 .net "id_funct3", 2 0, L_000001c716ea4720;  1 drivers
v000001c716ea2350_0 .net "id_funct7", 6 0, L_000001c716ea35a0;  1 drivers
v000001c716ea2850_0 .net "id_iimm", 11 0, L_000001c716efe1b0;  1 drivers
v000001c716ea2b70_0 .net "id_imm", 31 0, v000001c716e9b1a0_0;  1 drivers
v000001c716ea23f0_0 .net "id_is_branch", 0 0, L_000001c716eff0b0;  1 drivers
v000001c716ea2530_0 .net "id_is_jal", 0 0, L_000001c716efd490;  1 drivers
v000001c716ea1310_0 .net "id_is_jalr", 0 0, L_000001c716efe430;  1 drivers
v000001c716ea22b0_0 .net "id_jimm", 19 0, L_000001c716efda30;  1 drivers
v000001c716ea25d0_0 .net "id_memwrite", 0 0, v000001c716e9cfa0_0;  1 drivers
v000001c716ea1270_0 .net "id_npcop_unused", 2 0, v000001c716e9b380_0;  1 drivers
v000001c716ea13b0_0 .net "id_op", 6 0, L_000001c716ea3500;  1 drivers
v000001c716ea1b30_0 .net "id_rd", 4 0, L_000001c716efd710;  1 drivers
v000001c716ea1ef0_0 .net "id_rd1_val", 31 0, L_000001c716efed90;  1 drivers
v000001c716ea20d0_0 .net "id_rd2_val", 31 0, L_000001c716efef70;  1 drivers
v000001c716ea28f0_0 .net "id_regwrite", 0 0, v000001c716e9d040_0;  1 drivers
v000001c716ea2d50_0 .net "id_rs1", 4 0, L_000001c716efe390;  1 drivers
v000001c716ea1f90_0 .net "id_rs2", 4 0, L_000001c716efeb10;  1 drivers
v000001c716ea11d0_0 .net "id_simm", 11 0, L_000001c716efebb0;  1 drivers
v000001c716ea1770_0 .net "id_uimm", 19 0, L_000001c716efe110;  1 drivers
v000001c716ea2490_0 .net "id_wdsel", 1 0, v000001c716e9c1e0_0;  1 drivers
L_000001c716ea51f0 .functor BUFT 1, C4<0>, C4<0>, C4<0>, C4<0>;
v000001c716ea2ad0_0 .net "id_zero_dummy", 0 0, L_000001c716ea51f0;  1 drivers
v000001c716ea14f0_0 .var "idex_aluop", 4 0;
v000001c716ea1e50_0 .var "idex_alusrc", 0 0;
v000001c716ea2c10_0 .var "idex_imm", 31 0;
v000001c716ea2990_0 .var "idex_is_branch", 0 0;
v000001c716ea1bd0_0 .var "idex_is_jal", 0 0;
v000001c716ea1590_0 .var "idex_is_jalr", 0 0;
v000001c716ea2cb0_0 .var "idex_memwrite", 0 0;
v000001c716ea1630_0 .var "idex_pc", 31 0;
v000001c716ea2210_0 .var "idex_pc4", 31 0;
v000001c716ea1450_0 .var "idex_rd", 4 0;
v000001c716ea2670_0 .var "idex_rd1", 31 0;
v000001c716ea1810_0 .var "idex_rd2", 31 0;
v000001c716ea18b0_0 .var "idex_regwrite", 0 0;
v000001c716ea1950_0 .var "idex_rs1", 4 0;
v000001c716ea2df0_0 .var "idex_rs2", 4 0;
v000001c716ea2e90_0 .var "idex_valid", 0 0;
v000001c716ea3070_0 .var "idex_wdsel", 1 0;
v000001c716ea2710_0 .net "if_pc4", 31 0, L_000001c716ea4540;  1 drivers
v000001c716ea19f0_0 .var "ifid_inst", 31 0;
v000001c716ea2170_0 .var "ifid_pc", 31 0;
v000001c716ea1d10_0 .var "ifid_pc4", 31 0;
v000001c716ea27b0_0 .var "ifid_valid", 0 0;
v000001c716ea2f30_0 .net "inst_in", 31 0, L_000001c716f03bd0;  alias, 1 drivers
v000001c716ea1a90_0 .net "load_use", 0 0, L_000001c716f03230;  1 drivers
v000001c716ea1c70_0 .net "mem_w", 0 0, L_000001c716f03a10;  alias, 1 drivers
v000001c716ea1db0_0 .var "memwb_alu", 31 0;
v000001c716ea49a0_0 .net "memwb_can_forward", 0 0, L_000001c716f03e70;  1 drivers
v000001c716ea4900_0 .var "memwb_mem", 31 0;
v000001c716ea4cc0_0 .var "memwb_pc4", 31 0;
v000001c716ea42c0_0 .var "memwb_rd", 4 0;
v000001c716ea40e0_0 .var "memwb_regwrite", 0 0;
v000001c716ea45e0_0 .var "memwb_valid", 0 0;
v000001c716ea3f00_0 .var "memwb_wdsel", 1 0;
v000001c716ea44a0_0 .var "pc", 31 0;
v000001c716ea4a40_0 .net "redirect", 0 0, L_000001c716f03d90;  1 drivers
v000001c716ea3320_0 .net "redirect_pc", 31 0, L_000001c716f046b0;  1 drivers
v000001c716ea4e00_0 .net "reg_data", 31 0, L_000001c716efd5d0;  alias, 1 drivers
v000001c716ea3640_0 .net "reg_sel", 4 0, L_000001c716ea5b38;  alias, 1 drivers
v000001c716ea4180_0 .net "reset", 0 0, v000001c716ea31e0_0;  alias, 1 drivers
v000001c716ea47c0_0 .net "rf_rd1", 31 0, L_000001c716efe570;  1 drivers
v000001c716ea3a00_0 .net "rf_rd2", 31 0, L_000001c716efe250;  1 drivers
v000001c716ea4040_0 .net "take_branch", 0 0, L_000001c716f037e0;  1 drivers
v000001c716ea3be0_0 .net "take_jal", 0 0, L_000001c716f035b0;  1 drivers
v000001c716ea4860_0 .net "take_jalr", 0 0, L_000001c716f038c0;  1 drivers
v000001c716ea4ea0_0 .net "wb_rd", 4 0, L_000001c716ade220;  1 drivers
v000001c716ea4220_0 .net "wb_regwrite", 0 0, L_000001c716ade760;  1 drivers
v000001c716ea3820_0 .net "wb_wd", 31 0, L_000001c716efd990;  1 drivers
L_000001c716ea4540 .arith/sum 32, v000001c716ea44a0_0, L_000001c716ea51a8;
L_000001c716ea3500 .part v000001c716ea19f0_0, 0, 7;
L_000001c716ea35a0 .part v000001c716ea19f0_0, 25, 7;
L_000001c716ea4720 .part v000001c716ea19f0_0, 12, 3;
L_000001c716efe390 .part v000001c716ea19f0_0, 15, 5;
L_000001c716efeb10 .part v000001c716ea19f0_0, 20, 5;
L_000001c716efd710 .part v000001c716ea19f0_0, 7, 5;
L_000001c716efe1b0 .part v000001c716ea19f0_0, 20, 12;
L_000001c716eff010 .part v000001c716ea19f0_0, 25, 7;
L_000001c716efe7f0 .part v000001c716ea19f0_0, 7, 5;
L_000001c716efebb0 .concat [ 5 7 0 0], L_000001c716efe7f0, L_000001c716eff010;
L_000001c716efea70 .part v000001c716ea19f0_0, 31, 1;
L_000001c716efe2f0 .part v000001c716ea19f0_0, 7, 1;
L_000001c716efe610 .part v000001c716ea19f0_0, 25, 6;
L_000001c716efe070 .part v000001c716ea19f0_0, 8, 4;
L_000001c716efec50 .concat [ 4 6 1 1], L_000001c716efe070, L_000001c716efe610, L_000001c716efe2f0, L_000001c716efea70;
L_000001c716efe110 .part v000001c716ea19f0_0, 12, 20;
L_000001c716efe930 .part v000001c716ea19f0_0, 31, 1;
L_000001c716efd7b0 .part v000001c716ea19f0_0, 12, 8;
L_000001c716efdad0 .part v000001c716ea19f0_0, 20, 1;
L_000001c716efe890 .part v000001c716ea19f0_0, 21, 10;
L_000001c716efda30 .concat [ 10 1 8 1], L_000001c716efe890, L_000001c716efdad0, L_000001c716efd7b0, L_000001c716efe930;
L_000001c716efdf30 .cmp/ne 5, L_000001c716ade220, L_000001c716ea5508;
L_000001c716efd350 .cmp/eq 5, L_000001c716ade220, L_000001c716efe390;
L_000001c716efed90 .functor MUXZ 32, L_000001c716efe570, L_000001c716efd990, L_000001c716ade060, C4<>;
L_000001c716efeed0 .cmp/ne 5, L_000001c716ade220, L_000001c716ea5550;
L_000001c716efe750 .cmp/eq 5, L_000001c716ade220, L_000001c716efeb10;
L_000001c716efef70 .functor MUXZ 32, L_000001c716efe250, L_000001c716efd990, L_000001c716adebc0, C4<>;
L_000001c716eff0b0 .cmp/eq 7, L_000001c716ea3500, L_000001c716ea5598;
L_000001c716efd490 .cmp/eq 7, L_000001c716ea3500, L_000001c716ea55e0;
L_000001c716efe430 .cmp/eq 7, L_000001c716ea3500, L_000001c716ea5628;
L_000001c716efd210 .cmp/eq 2, v000001c716ea3f00_0, L_000001c716ea5670;
L_000001c716efd530 .cmp/eq 2, v000001c716ea3f00_0, L_000001c716ea56b8;
L_000001c716efdc10 .functor MUXZ 32, v000001c716ea1db0_0, v000001c716ea4cc0_0, L_000001c716efd530, C4<>;
L_000001c716efd990 .functor MUXZ 32, L_000001c716efdc10, v000001c716ea4900_0, L_000001c716efd210, C4<>;
L_000001c716efdcb0 .cmp/ne 5, v000001c716ea0020_0, L_000001c716ea5700;
L_000001c716efdd50 .cmp/ne 2, v000001c716ea0b60_0, L_000001c716ea5748;
L_000001c716efddf0 .cmp/ne 5, v000001c716ea42c0_0, L_000001c716ea5790;
L_000001c716efde90 .cmp/eq 5, v000001c716ea0020_0, v000001c716ea1950_0;
L_000001c716efe4d0 .cmp/eq 2, v000001c716ea0b60_0, L_000001c716ea57d8;
L_000001c716efdfd0 .functor MUXZ 32, v000001c716e9ff80_0, v000001c716e9fb20_0, L_000001c716efe4d0, C4<>;
L_000001c716f056f0 .cmp/eq 5, v000001c716ea42c0_0, v000001c716ea1950_0;
L_000001c716f064b0 .functor MUXZ 32, v000001c716ea2670_0, L_000001c716efd990, L_000001c716f03700, C4<>;
L_000001c716f051f0 .functor MUXZ 32, L_000001c716f064b0, L_000001c716efdfd0, L_000001c716f040a0, C4<>;
L_000001c716f06690 .cmp/eq 5, v000001c716ea0020_0, v000001c716ea2df0_0;
L_000001c716f04250 .cmp/eq 2, v000001c716ea0b60_0, L_000001c716ea5820;
L_000001c716f065f0 .functor MUXZ 32, v000001c716e9ff80_0, v000001c716e9fb20_0, L_000001c716f04250, C4<>;
L_000001c716f05e70 .cmp/eq 5, v000001c716ea42c0_0, v000001c716ea2df0_0;
L_000001c716f04a70 .functor MUXZ 32, v000001c716ea1810_0, L_000001c716efd990, L_000001c716f03460, C4<>;
L_000001c716f047f0 .functor MUXZ 32, L_000001c716f04a70, L_000001c716f065f0, L_000001c716f03850, C4<>;
L_000001c716f058d0 .functor MUXZ 32, L_000001c716f047f0, v000001c716ea2c10_0, v000001c716ea1e50_0, C4<>;
L_000001c716f04890 .arith/sum 32, L_000001c716f051f0, v000001c716ea2c10_0;
L_000001c716f04750 .arith/sum 32, v000001c716ea1630_0, v000001c716ea2c10_0;
L_000001c716f046b0 .functor MUXZ 32, L_000001c716f04750, L_000001c716f034d0, L_000001c716f038c0, C4<>;
L_000001c716f062d0 .cmp/eq 2, v000001c716ea3070_0, L_000001c716ea5aa8;
L_000001c716f05290 .cmp/ne 5, v000001c716ea1450_0, L_000001c716ea5af0;
L_000001c716f053d0 .cmp/eq 5, v000001c716ea1450_0, L_000001c716efe390;
L_000001c716f05ab0 .cmp/eq 5, v000001c716ea1450_0, L_000001c716efeb10;
S_000001c716aab010 .scope module, "U_ALU" "alu" 6 129, 7 3 0, S_000001c716afbe90;
 .timescale -9 -9;
    .port_info 0 /INPUT 32 "A";
    .port_info 1 /INPUT 32 "B";
    .port_info 2 /INPUT 5 "ALUOp";
    .port_info 3 /OUTPUT 32 "C";
    .port_info 4 /OUTPUT 1 "Zero";
L_000001c716f03620 .functor OR 1, L_000001c716f05330, L_000001c716f06230, C4<0>, C4<0>;
L_000001c716f03ee0 .functor OR 1, L_000001c716f03620, L_000001c716f06870, C4<0>, C4<0>;
L_000001c716f03e00 .functor OR 1, L_000001c716f03ee0, L_000001c716f04610, C4<0>, C4<0>;
L_000001c716f03fc0 .functor OR 1, L_000001c716f03e00, L_000001c716f06410, C4<0>, C4<0>;
v000001c716ae3c70_0 .net/s "A", 31 0, L_000001c716f051f0;  alias, 1 drivers
v000001c716ae2370_0 .net "ALUOp", 4 0, v000001c716ea14f0_0;  1 drivers
v000001c716ae3810_0 .net/s "B", 31 0, L_000001c716f058d0;  alias, 1 drivers
v000001c716ae38b0_0 .var/s "C", 31 0;
v000001c716ae39f0_0 .net "Zero", 0 0, L_000001c716f042f0;  alias, 1 drivers
L_000001c716ea5868 .functor BUFT 1, C4<00101>, C4<0>, C4<0>, C4<0>;
v000001c716ae3db0_0 .net/2u *"_ivl_0", 4 0, L_000001c716ea5868;  1 drivers
L_000001c716ea58f8 .functor BUFT 1, C4<00111>, C4<0>, C4<0>, C4<0>;
v000001c716ae3bd0_0 .net/2u *"_ivl_10", 4 0, L_000001c716ea58f8;  1 drivers
v000001c716ae22d0_0 .net *"_ivl_12", 0 0, L_000001c716f06870;  1 drivers
v000001c716ae2410_0 .net *"_ivl_15", 0 0, L_000001c716f03ee0;  1 drivers
L_000001c716ea5940 .functor BUFT 1, C4<01000>, C4<0>, C4<0>, C4<0>;
v000001c716ae29b0_0 .net/2u *"_ivl_16", 4 0, L_000001c716ea5940;  1 drivers
v000001c716ae2730_0 .net *"_ivl_18", 0 0, L_000001c716f04610;  1 drivers
v000001c716ae2e10_0 .net *"_ivl_2", 0 0, L_000001c716f05330;  1 drivers
v000001c716ae24b0_0 .net *"_ivl_21", 0 0, L_000001c716f03e00;  1 drivers
L_000001c716ea5988 .functor BUFT 1, C4<01001>, C4<0>, C4<0>, C4<0>;
v000001c716ae2c30_0 .net/2u *"_ivl_22", 4 0, L_000001c716ea5988;  1 drivers
v000001c716abe700_0 .net *"_ivl_24", 0 0, L_000001c716f06410;  1 drivers
v000001c716abe020_0 .net *"_ivl_27", 0 0, L_000001c716f03fc0;  1 drivers
L_000001c716ea59d0 .functor BUFT 1, C4<00000000000000000000000000000000>, C4<0>, C4<0>, C4<0>;
v000001c716e9bf60_0 .net/2u *"_ivl_28", 31 0, L_000001c716ea59d0;  1 drivers
v000001c716e9bd80_0 .net *"_ivl_30", 0 0, L_000001c716f05fb0;  1 drivers
L_000001c716ea5a18 .functor BUFT 1, C4<00000000000000000000000000000000>, C4<0>, C4<0>, C4<0>;
v000001c716e9c500_0 .net/2u *"_ivl_32", 31 0, L_000001c716ea5a18;  1 drivers
v000001c716e9c5a0_0 .net *"_ivl_34", 0 0, L_000001c716f06730;  1 drivers
L_000001c716ea58b0 .functor BUFT 1, C4<00110>, C4<0>, C4<0>, C4<0>;
v000001c716e9b920_0 .net/2u *"_ivl_4", 4 0, L_000001c716ea58b0;  1 drivers
v000001c716e9b9c0_0 .net *"_ivl_6", 0 0, L_000001c716f06230;  1 drivers
v000001c716e9c8c0_0 .net *"_ivl_9", 0 0, L_000001c716f03620;  1 drivers
E_000001c716ad4980 .event anyedge, v000001c716ae2370_0, v000001c716ae3810_0, v000001c716ae3c70_0;
L_000001c716f05330 .cmp/eq 5, v000001c716ea14f0_0, L_000001c716ea5868;
L_000001c716f06230 .cmp/eq 5, v000001c716ea14f0_0, L_000001c716ea58b0;
L_000001c716f06870 .cmp/eq 5, v000001c716ea14f0_0, L_000001c716ea58f8;
L_000001c716f04610 .cmp/eq 5, v000001c716ea14f0_0, L_000001c716ea5940;
L_000001c716f06410 .cmp/eq 5, v000001c716ea14f0_0, L_000001c716ea5988;
L_000001c716f05fb0 .cmp/ne 32, v000001c716ae38b0_0, L_000001c716ea59d0;
L_000001c716f06730 .cmp/eq 32, v000001c716ae38b0_0, L_000001c716ea5a18;
L_000001c716f042f0 .functor MUXZ 1, L_000001c716f06730, L_000001c716f05fb0, L_000001c716f03fc0, C4<>;
S_000001c716aab1a0 .scope module, "U_CTRL" "ctrl" 6 41, 8 3 0, S_000001c716afbe90;
 .timescale -9 -9;
    .port_info 0 /INPUT 7 "Op";
    .port_info 1 /INPUT 7 "Funct7";
    .port_info 2 /INPUT 3 "Funct3";
    .port_info 3 /INPUT 1 "Zero";
    .port_info 4 /OUTPUT 1 "RegWrite";
    .port_info 5 /OUTPUT 1 "MemWrite";
    .port_info 6 /OUTPUT 6 "EXTOp";
    .port_info 7 /OUTPUT 5 "ALUOp";
    .port_info 8 /OUTPUT 3 "NPCOp";
    .port_info 9 /OUTPUT 1 "ALUSrc";
    .port_info 10 /OUTPUT 2 "WDSel";
v000001c716e9cf00_0 .var "ALUOp", 4 0;
v000001c716e9c960_0 .var "ALUSrc", 0 0;
v000001c716e9c640_0 .var "EXTOp", 5 0;
v000001c716e9b600_0 .net "Funct3", 2 0, L_000001c716ea4720;  alias, 1 drivers
v000001c716e9ca00_0 .net "Funct7", 6 0, L_000001c716ea35a0;  alias, 1 drivers
v000001c716e9cfa0_0 .var "MemWrite", 0 0;
v000001c716e9b380_0 .var "NPCOp", 2 0;
v000001c716e9b2e0_0 .net "Op", 6 0, L_000001c716ea3500;  alias, 1 drivers
v000001c716e9d040_0 .var "RegWrite", 0 0;
v000001c716e9c1e0_0 .var "WDSel", 1 0;
v000001c716e9c6e0_0 .net "Zero", 0 0, L_000001c716ea51f0;  alias, 1 drivers
E_000001c716ad4a80 .event anyedge, v000001c716e9b2e0_0, v000001c716e9ca00_0, v000001c716e9b600_0, v000001c716e9c6e0_0;
S_000001c716a941f0 .scope module, "U_EXT" "EXT" 6 56, 9 2 0, S_000001c716afbe90;
 .timescale -9 -9;
    .port_info 0 /INPUT 12 "iimm";
    .port_info 1 /INPUT 12 "simm";
    .port_info 2 /INPUT 12 "bimm";
    .port_info 3 /INPUT 20 "uimm";
    .port_info 4 /INPUT 20 "jimm";
    .port_info 5 /INPUT 6 "EXTOp";
    .port_info 6 /OUTPUT 32 "immout";
v000001c716e9c780_0 .net "EXTOp", 5 0, v000001c716e9c640_0;  alias, 1 drivers
v000001c716e9bc40_0 .net "bimm", 11 0, L_000001c716efec50;  alias, 1 drivers
v000001c716e9caa0_0 .net "iimm", 11 0, L_000001c716efe1b0;  alias, 1 drivers
v000001c716e9b1a0_0 .var "immout", 31 0;
v000001c716e9cdc0_0 .net "jimm", 19 0, L_000001c716efda30;  alias, 1 drivers
v000001c716e9c280_0 .net "simm", 11 0, L_000001c716efebb0;  alias, 1 drivers
v000001c716e9be20_0 .net "uimm", 19 0, L_000001c716efe110;  alias, 1 drivers
E_000001c716ad41c0/0 .event anyedge, v000001c716e9c640_0, v000001c716e9caa0_0, v000001c716e9c280_0, v000001c716e9bc40_0;
E_000001c716ad41c0/1 .event anyedge, v000001c716e9be20_0, v000001c716e9cdc0_0;
E_000001c716ad41c0 .event/or E_000001c716ad41c0/0, E_000001c716ad41c0/1;
S_000001c716a94380 .scope module, "U_RF" "RF" 6 64, 10 1 0, S_000001c716afbe90;
 .timescale -9 -9;
    .port_info 0 /INPUT 1 "clk";
    .port_info 1 /INPUT 1 "rst";
    .port_info 2 /INPUT 1 "RFWr";
    .port_info 3 /INPUT 5 "A1";
    .port_info 4 /INPUT 5 "A2";
    .port_info 5 /INPUT 5 "A3";
    .port_info 6 /INPUT 32 "WD";
    .port_info 7 /OUTPUT 32 "RD1";
    .port_info 8 /OUTPUT 32 "RD2";
    .port_info 9 /INPUT 5 "reg_sel";
    .port_info 10 /OUTPUT 32 "reg_data";
v000001c716e9b880_0 .net "A1", 4 0, L_000001c716efe390;  alias, 1 drivers
v000001c716e9c820_0 .net "A2", 4 0, L_000001c716efeb10;  alias, 1 drivers
v000001c716e9c140_0 .net "A3", 4 0, L_000001c716ade220;  alias, 1 drivers
v000001c716e9cbe0_0 .net "RD1", 31 0, L_000001c716efe570;  alias, 1 drivers
v000001c716e9cb40_0 .net "RD2", 31 0, L_000001c716efe250;  alias, 1 drivers
v000001c716e9cc80_0 .net "RFWr", 0 0, L_000001c716ade760;  alias, 1 drivers
v000001c716e9bce0_0 .net "WD", 31 0, L_000001c716efd990;  alias, 1 drivers
v000001c716e9b420_0 .net *"_ivl_0", 31 0, L_000001c716efd2b0;  1 drivers
v000001c716e9b240_0 .net *"_ivl_10", 6 0, L_000001c716efd670;  1 drivers
L_000001c716ea52c8 .functor BUFT 1, C4<00>, C4<0>, C4<0>, C4<0>;
v000001c716e9cd20_0 .net *"_ivl_13", 1 0, L_000001c716ea52c8;  1 drivers
L_000001c716ea5310 .functor BUFT 1, C4<00000000000000000000000000000000>, C4<0>, C4<0>, C4<0>;
v000001c716e9ce60_0 .net/2u *"_ivl_14", 31 0, L_000001c716ea5310;  1 drivers
v000001c716e9c3c0_0 .net *"_ivl_18", 31 0, L_000001c716efe9d0;  1 drivers
L_000001c716ea5358 .functor BUFT 1, C4<000000000000000000000000000>, C4<0>, C4<0>, C4<0>;
v000001c716e9b4c0_0 .net *"_ivl_21", 26 0, L_000001c716ea5358;  1 drivers
L_000001c716ea53a0 .functor BUFT 1, C4<00000000000000000000000000000000>, C4<0>, C4<0>, C4<0>;
v000001c716e9b560_0 .net/2u *"_ivl_22", 31 0, L_000001c716ea53a0;  1 drivers
v000001c716e9b6a0_0 .net *"_ivl_24", 0 0, L_000001c716efd850;  1 drivers
v000001c716e9b740_0 .net *"_ivl_26", 31 0, L_000001c716efd8f0;  1 drivers
v000001c716e9b7e0_0 .net *"_ivl_28", 6 0, L_000001c716efd3f0;  1 drivers
L_000001c716ea5238 .functor BUFT 1, C4<000000000000000000000000000>, C4<0>, C4<0>, C4<0>;
v000001c716e9bec0_0 .net *"_ivl_3", 26 0, L_000001c716ea5238;  1 drivers
L_000001c716ea53e8 .functor BUFT 1, C4<00>, C4<0>, C4<0>, C4<0>;
v000001c716e9ba60_0 .net *"_ivl_31", 1 0, L_000001c716ea53e8;  1 drivers
L_000001c716ea5430 .functor BUFT 1, C4<00000000000000000000000000000000>, C4<0>, C4<0>, C4<0>;
v000001c716e9bb00_0 .net/2u *"_ivl_32", 31 0, L_000001c716ea5430;  1 drivers
L_000001c716ea5b80 .functor BUFT 1, C4<00000000000000000000000000000000>, C4<0>, C4<0>, C4<0>;
v000001c716e9c000_0 .net *"_ivl_36", 31 0, L_000001c716ea5b80;  1 drivers
L_000001c716ea5280 .functor BUFT 1, C4<00000000000000000000000000000000>, C4<0>, C4<0>, C4<0>;
v000001c716e9bba0_0 .net/2u *"_ivl_4", 31 0, L_000001c716ea5280;  1 drivers
L_000001c716ea5478 .functor BUFT 1, C4<00000000000000000000000000000000>, C4<0>, C4<0>, C4<0>;
v000001c716e9c0a0_0 .net/2u *"_ivl_40", 31 0, L_000001c716ea5478;  1 drivers
v000001c716e9c320_0 .net *"_ivl_42", 0 0, L_000001c716efee30;  1 drivers
v000001c716e9c460_0 .net *"_ivl_44", 31 0, L_000001c716efecf0;  1 drivers
L_000001c716ea5bc8 .functor BUFT 1, C4<0000000>, C4<0>, C4<0>, C4<0>;
v000001c716e9d610_0 .net *"_ivl_46", 6 0, L_000001c716ea5bc8;  1 drivers
L_000001c716ea54c0 .functor BUFT 1, C4<00000000000000000000000000000000>, C4<0>, C4<0>, C4<0>;
v000001c716e9d7f0_0 .net/2u *"_ivl_50", 31 0, L_000001c716ea54c0;  1 drivers
v000001c716e9e330_0 .net *"_ivl_6", 0 0, L_000001c716efe6b0;  1 drivers
v000001c716e9ea10_0 .net *"_ivl_8", 31 0, L_000001c716efdb70;  1 drivers
v000001c716e9e0b0_0 .net "clk", 0 0, v000001c716ea3dc0_0;  alias, 1 drivers
v000001c716e9ded0_0 .var/i "i", 31 0;
v000001c716e9ed30_0 .net "reg_data", 31 0, L_000001c716efd5d0;  alias, 1 drivers
v000001c716e9eab0_0 .net "reg_sel", 4 0, L_000001c716ea5b38;  alias, 1 drivers
v000001c716e9e6f0 .array "rf", 0 31, 31 0;
v000001c716e9dbb0_0 .net "rst", 0 0, v000001c716ea31e0_0;  alias, 1 drivers
E_000001c716ad4b00 .event posedge, v000001c716e9dbb0_0, v000001c716ae1fb0_0;
L_000001c716efd2b0 .concat [ 5 27 0 0], L_000001c716efe390, L_000001c716ea5238;
L_000001c716efe6b0 .cmp/ne 32, L_000001c716efd2b0, L_000001c716ea5280;
L_000001c716efdb70 .array/port v000001c716e9e6f0, L_000001c716efd670;
L_000001c716efd670 .concat [ 5 2 0 0], L_000001c716efe390, L_000001c716ea52c8;
L_000001c716efe570 .functor MUXZ 32, L_000001c716ea5310, L_000001c716efdb70, L_000001c716efe6b0, C4<>;
L_000001c716efe9d0 .concat [ 5 27 0 0], L_000001c716efeb10, L_000001c716ea5358;
L_000001c716efd850 .cmp/ne 32, L_000001c716efe9d0, L_000001c716ea53a0;
L_000001c716efd8f0 .array/port v000001c716e9e6f0, L_000001c716efd3f0;
L_000001c716efd3f0 .concat [ 5 2 0 0], L_000001c716efeb10, L_000001c716ea53e8;
L_000001c716efe250 .functor MUXZ 32, L_000001c716ea5430, L_000001c716efd8f0, L_000001c716efd850, C4<>;
L_000001c716efee30 .cmp/ne 32, L_000001c716ea5b80, L_000001c716ea5478;
L_000001c716efecf0 .array/port v000001c716e9e6f0, L_000001c716ea5bc8;
L_000001c716efd5d0 .functor MUXZ 32, L_000001c716ea54c0, L_000001c716efecf0, L_000001c716efee30, C4<>;
S_000001c716afedb0 .scope module, "U_imem" "im" 4 27, 11 2 0, S_000001c716afb7b0;
 .timescale -9 -9;
    .port_info 0 /INPUT 30 "addr";
    .port_info 1 /OUTPUT 32 "dout";
L_000001c716f03bd0 .functor BUFZ 32, L_000001c716f04390, C4<00000000000000000000000000000000>, C4<00000000000000000000000000000000>, C4<00000000000000000000000000000000>;
v000001c716ea4ae0 .array "RAM", 0 127, 31 0;
v000001c716ea3c80_0 .net *"_ivl_0", 31 0, L_000001c716f04390;  1 drivers
v000001c716ea3aa0_0 .net "addr", 31 2, L_000001c716f05bf0;  1 drivers
v000001c716ea4c20_0 .net "dout", 31 0, L_000001c716f03bd0;  alias, 1 drivers
L_000001c716f04390 .array/port v000001c716ea4ae0, L_000001c716f05bf0;
    .scope S_000001c716aab1a0;
T_0 ;
    %wait E_000001c716ad4a80;
    %pushi/vec4 0, 0, 1;
    %store/vec4 v000001c716e9d040_0, 0, 1;
    %pushi/vec4 0, 0, 1;
    %store/vec4 v000001c716e9cfa0_0, 0, 1;
    %pushi/vec4 0, 0, 6;
    %store/vec4 v000001c716e9c640_0, 0, 6;
    %pushi/vec4 0, 0, 5;
    %store/vec4 v000001c716e9cf00_0, 0, 5;
    %pushi/vec4 0, 0, 3;
    %store/vec4 v000001c716e9b380_0, 0, 3;
    %pushi/vec4 0, 0, 1;
    %store/vec4 v000001c716e9c960_0, 0, 1;
    %pushi/vec4 0, 0, 2;
    %store/vec4 v000001c716e9c1e0_0, 0, 2;
    %load/vec4 v000001c716e9b2e0_0;
    %dup/vec4;
    %pushi/vec4 55, 0, 7;
    %cmp/u;
    %jmp/1 T_0.0, 6;
    %dup/vec4;
    %pushi/vec4 51, 0, 7;
    %cmp/u;
    %jmp/1 T_0.1, 6;
    %dup/vec4;
    %pushi/vec4 19, 0, 7;
    %cmp/u;
    %jmp/1 T_0.2, 6;
    %dup/vec4;
    %pushi/vec4 3, 0, 7;
    %cmp/u;
    %jmp/1 T_0.3, 6;
    %dup/vec4;
    %pushi/vec4 35, 0, 7;
    %cmp/u;
    %jmp/1 T_0.4, 6;
    %dup/vec4;
    %pushi/vec4 99, 0, 7;
    %cmp/u;
    %jmp/1 T_0.5, 6;
    %dup/vec4;
    %pushi/vec4 111, 0, 7;
    %cmp/u;
    %jmp/1 T_0.6, 6;
    %dup/vec4;
    %pushi/vec4 103, 0, 7;
    %cmp/u;
    %jmp/1 T_0.7, 6;
    %pushi/vec4 0, 0, 1;
    %store/vec4 v000001c716e9d040_0, 0, 1;
    %pushi/vec4 0, 0, 1;
    %store/vec4 v000001c716e9cfa0_0, 0, 1;
    %jmp T_0.9;
T_0.0 ;
    %pushi/vec4 1, 0, 1;
    %store/vec4 v000001c716e9d040_0, 0, 1;
    %pushi/vec4 1, 0, 1;
    %store/vec4 v000001c716e9c960_0, 0, 1;
    %pushi/vec4 2, 0, 6;
    %store/vec4 v000001c716e9c640_0, 0, 6;
    %pushi/vec4 1, 0, 5;
    %store/vec4 v000001c716e9cf00_0, 0, 5;
    %jmp T_0.9;
T_0.1 ;
    %pushi/vec4 1, 0, 1;
    %store/vec4 v000001c716e9d040_0, 0, 1;
    %load/vec4 v000001c716e9ca00_0;
    %load/vec4 v000001c716e9b600_0;
    %concat/vec4; draw_concat_vec4
    %dup/vec4;
    %pushi/vec4 0, 0, 10;
    %cmp/u;
    %jmp/1 T_0.10, 6;
    %dup/vec4;
    %pushi/vec4 256, 0, 10;
    %cmp/u;
    %jmp/1 T_0.11, 6;
    %dup/vec4;
    %pushi/vec4 2, 0, 10;
    %cmp/u;
    %jmp/1 T_0.12, 6;
    %dup/vec4;
    %pushi/vec4 3, 0, 10;
    %cmp/u;
    %jmp/1 T_0.13, 6;
    %dup/vec4;
    %pushi/vec4 4, 0, 10;
    %cmp/u;
    %jmp/1 T_0.14, 6;
    %dup/vec4;
    %pushi/vec4 6, 0, 10;
    %cmp/u;
    %jmp/1 T_0.15, 6;
    %dup/vec4;
    %pushi/vec4 7, 0, 10;
    %cmp/u;
    %jmp/1 T_0.16, 6;
    %dup/vec4;
    %pushi/vec4 1, 0, 10;
    %cmp/u;
    %jmp/1 T_0.17, 6;
    %dup/vec4;
    %pushi/vec4 5, 0, 10;
    %cmp/u;
    %jmp/1 T_0.18, 6;
    %dup/vec4;
    %pushi/vec4 261, 0, 10;
    %cmp/u;
    %jmp/1 T_0.19, 6;
    %pushi/vec4 0, 0, 1;
    %store/vec4 v000001c716e9d040_0, 0, 1;
    %pushi/vec4 0, 0, 5;
    %store/vec4 v000001c716e9cf00_0, 0, 5;
    %jmp T_0.21;
T_0.10 ;
    %pushi/vec4 3, 0, 5;
    %store/vec4 v000001c716e9cf00_0, 0, 5;
    %jmp T_0.21;
T_0.11 ;
    %pushi/vec4 4, 0, 5;
    %store/vec4 v000001c716e9cf00_0, 0, 5;
    %jmp T_0.21;
T_0.12 ;
    %pushi/vec4 10, 0, 5;
    %store/vec4 v000001c716e9cf00_0, 0, 5;
    %jmp T_0.21;
T_0.13 ;
    %pushi/vec4 11, 0, 5;
    %store/vec4 v000001c716e9cf00_0, 0, 5;
    %jmp T_0.21;
T_0.14 ;
    %pushi/vec4 12, 0, 5;
    %store/vec4 v000001c716e9cf00_0, 0, 5;
    %jmp T_0.21;
T_0.15 ;
    %pushi/vec4 13, 0, 5;
    %store/vec4 v000001c716e9cf00_0, 0, 5;
    %jmp T_0.21;
T_0.16 ;
    %pushi/vec4 14, 0, 5;
    %store/vec4 v000001c716e9cf00_0, 0, 5;
    %jmp T_0.21;
T_0.17 ;
    %pushi/vec4 15, 0, 5;
    %store/vec4 v000001c716e9cf00_0, 0, 5;
    %jmp T_0.21;
T_0.18 ;
    %pushi/vec4 16, 0, 5;
    %store/vec4 v000001c716e9cf00_0, 0, 5;
    %jmp T_0.21;
T_0.19 ;
    %pushi/vec4 17, 0, 5;
    %store/vec4 v000001c716e9cf00_0, 0, 5;
    %jmp T_0.21;
T_0.21 ;
    %pop/vec4 1;
    %jmp T_0.9;
T_0.2 ;
    %pushi/vec4 1, 0, 1;
    %store/vec4 v000001c716e9d040_0, 0, 1;
    %pushi/vec4 1, 0, 1;
    %store/vec4 v000001c716e9c960_0, 0, 1;
    %pushi/vec4 16, 0, 6;
    %store/vec4 v000001c716e9c640_0, 0, 6;
    %load/vec4 v000001c716e9b600_0;
    %dup/vec4;
    %pushi/vec4 0, 0, 3;
    %cmp/u;
    %jmp/1 T_0.22, 6;
    %dup/vec4;
    %pushi/vec4 2, 0, 3;
    %cmp/u;
    %jmp/1 T_0.23, 6;
    %dup/vec4;
    %pushi/vec4 3, 0, 3;
    %cmp/u;
    %jmp/1 T_0.24, 6;
    %dup/vec4;
    %pushi/vec4 4, 0, 3;
    %cmp/u;
    %jmp/1 T_0.25, 6;
    %dup/vec4;
    %pushi/vec4 6, 0, 3;
    %cmp/u;
    %jmp/1 T_0.26, 6;
    %dup/vec4;
    %pushi/vec4 7, 0, 3;
    %cmp/u;
    %jmp/1 T_0.27, 6;
    %dup/vec4;
    %pushi/vec4 1, 0, 3;
    %cmp/u;
    %jmp/1 T_0.28, 6;
    %dup/vec4;
    %pushi/vec4 5, 0, 3;
    %cmp/u;
    %jmp/1 T_0.29, 6;
    %pushi/vec4 0, 0, 1;
    %store/vec4 v000001c716e9d040_0, 0, 1;
    %pushi/vec4 0, 0, 5;
    %store/vec4 v000001c716e9cf00_0, 0, 5;
    %jmp T_0.31;
T_0.22 ;
    %pushi/vec4 3, 0, 5;
    %store/vec4 v000001c716e9cf00_0, 0, 5;
    %jmp T_0.31;
T_0.23 ;
    %pushi/vec4 10, 0, 5;
    %store/vec4 v000001c716e9cf00_0, 0, 5;
    %jmp T_0.31;
T_0.24 ;
    %pushi/vec4 11, 0, 5;
    %store/vec4 v000001c716e9cf00_0, 0, 5;
    %jmp T_0.31;
T_0.25 ;
    %pushi/vec4 12, 0, 5;
    %store/vec4 v000001c716e9cf00_0, 0, 5;
    %jmp T_0.31;
T_0.26 ;
    %pushi/vec4 13, 0, 5;
    %store/vec4 v000001c716e9cf00_0, 0, 5;
    %jmp T_0.31;
T_0.27 ;
    %pushi/vec4 14, 0, 5;
    %store/vec4 v000001c716e9cf00_0, 0, 5;
    %jmp T_0.31;
T_0.28 ;
    %load/vec4 v000001c716e9ca00_0;
    %cmpi/e 0, 0, 7;
    %flag_mov 8, 4;
    %jmp/0 T_0.32, 8;
    %pushi/vec4 15, 0, 5;
    %jmp/1 T_0.33, 8;
T_0.32 ; End of true expr.
    %pushi/vec4 0, 0, 5;
    %jmp/0 T_0.33, 8;
 ; End of false expr.
    %blend;
T_0.33;
    %store/vec4 v000001c716e9cf00_0, 0, 5;
    %jmp T_0.31;
T_0.29 ;
    %load/vec4 v000001c716e9ca00_0;
    %cmpi/e 32, 0, 7;
    %flag_mov 8, 4;
    %jmp/0 T_0.34, 8;
    %pushi/vec4 17, 0, 5;
    %jmp/1 T_0.35, 8;
T_0.34 ; End of true expr.
    %pushi/vec4 16, 0, 5;
    %jmp/0 T_0.35, 8;
 ; End of false expr.
    %blend;
T_0.35;
    %store/vec4 v000001c716e9cf00_0, 0, 5;
    %jmp T_0.31;
T_0.31 ;
    %pop/vec4 1;
    %jmp T_0.9;
T_0.3 ;
    %pushi/vec4 1, 0, 1;
    %store/vec4 v000001c716e9d040_0, 0, 1;
    %pushi/vec4 1, 0, 1;
    %store/vec4 v000001c716e9c960_0, 0, 1;
    %pushi/vec4 16, 0, 6;
    %store/vec4 v000001c716e9c640_0, 0, 6;
    %pushi/vec4 3, 0, 5;
    %store/vec4 v000001c716e9cf00_0, 0, 5;
    %pushi/vec4 1, 0, 2;
    %store/vec4 v000001c716e9c1e0_0, 0, 2;
    %jmp T_0.9;
T_0.4 ;
    %pushi/vec4 1, 0, 1;
    %store/vec4 v000001c716e9cfa0_0, 0, 1;
    %pushi/vec4 1, 0, 1;
    %store/vec4 v000001c716e9c960_0, 0, 1;
    %pushi/vec4 8, 0, 6;
    %store/vec4 v000001c716e9c640_0, 0, 6;
    %pushi/vec4 3, 0, 5;
    %store/vec4 v000001c716e9cf00_0, 0, 5;
    %jmp T_0.9;
T_0.5 ;
    %pushi/vec4 4, 0, 6;
    %store/vec4 v000001c716e9c640_0, 0, 6;
    %load/vec4 v000001c716e9b600_0;
    %dup/vec4;
    %pushi/vec4 0, 0, 3;
    %cmp/u;
    %jmp/1 T_0.36, 6;
    %dup/vec4;
    %pushi/vec4 1, 0, 3;
    %cmp/u;
    %jmp/1 T_0.37, 6;
    %dup/vec4;
    %pushi/vec4 4, 0, 3;
    %cmp/u;
    %jmp/1 T_0.38, 6;
    %dup/vec4;
    %pushi/vec4 5, 0, 3;
    %cmp/u;
    %jmp/1 T_0.39, 6;
    %dup/vec4;
    %pushi/vec4 6, 0, 3;
    %cmp/u;
    %jmp/1 T_0.40, 6;
    %dup/vec4;
    %pushi/vec4 7, 0, 3;
    %cmp/u;
    %jmp/1 T_0.41, 6;
    %pushi/vec4 0, 0, 5;
    %store/vec4 v000001c716e9cf00_0, 0, 5;
    %pushi/vec4 0, 0, 3;
    %store/vec4 v000001c716e9b380_0, 0, 3;
    %jmp T_0.43;
T_0.36 ;
    %pushi/vec4 4, 0, 5;
    %store/vec4 v000001c716e9cf00_0, 0, 5;
    %load/vec4 v000001c716e9c6e0_0;
    %flag_set/vec4 8;
    %jmp/0 T_0.44, 8;
    %pushi/vec4 1, 0, 3;
    %jmp/1 T_0.45, 8;
T_0.44 ; End of true expr.
    %pushi/vec4 0, 0, 3;
    %jmp/0 T_0.45, 8;
 ; End of false expr.
    %blend;
T_0.45;
    %store/vec4 v000001c716e9b380_0, 0, 3;
    %jmp T_0.43;
T_0.37 ;
    %pushi/vec4 5, 0, 5;
    %store/vec4 v000001c716e9cf00_0, 0, 5;
    %load/vec4 v000001c716e9c6e0_0;
    %flag_set/vec4 8;
    %jmp/0 T_0.46, 8;
    %pushi/vec4 1, 0, 3;
    %jmp/1 T_0.47, 8;
T_0.46 ; End of true expr.
    %pushi/vec4 0, 0, 3;
    %jmp/0 T_0.47, 8;
 ; End of false expr.
    %blend;
T_0.47;
    %store/vec4 v000001c716e9b380_0, 0, 3;
    %jmp T_0.43;
T_0.38 ;
    %pushi/vec4 6, 0, 5;
    %store/vec4 v000001c716e9cf00_0, 0, 5;
    %load/vec4 v000001c716e9c6e0_0;
    %flag_set/vec4 8;
    %jmp/0 T_0.48, 8;
    %pushi/vec4 1, 0, 3;
    %jmp/1 T_0.49, 8;
T_0.48 ; End of true expr.
    %pushi/vec4 0, 0, 3;
    %jmp/0 T_0.49, 8;
 ; End of false expr.
    %blend;
T_0.49;
    %store/vec4 v000001c716e9b380_0, 0, 3;
    %jmp T_0.43;
T_0.39 ;
    %pushi/vec4 7, 0, 5;
    %store/vec4 v000001c716e9cf00_0, 0, 5;
    %load/vec4 v000001c716e9c6e0_0;
    %flag_set/vec4 8;
    %jmp/0 T_0.50, 8;
    %pushi/vec4 1, 0, 3;
    %jmp/1 T_0.51, 8;
T_0.50 ; End of true expr.
    %pushi/vec4 0, 0, 3;
    %jmp/0 T_0.51, 8;
 ; End of false expr.
    %blend;
T_0.51;
    %store/vec4 v000001c716e9b380_0, 0, 3;
    %jmp T_0.43;
T_0.40 ;
    %pushi/vec4 8, 0, 5;
    %store/vec4 v000001c716e9cf00_0, 0, 5;
    %load/vec4 v000001c716e9c6e0_0;
    %flag_set/vec4 8;
    %jmp/0 T_0.52, 8;
    %pushi/vec4 1, 0, 3;
    %jmp/1 T_0.53, 8;
T_0.52 ; End of true expr.
    %pushi/vec4 0, 0, 3;
    %jmp/0 T_0.53, 8;
 ; End of false expr.
    %blend;
T_0.53;
    %store/vec4 v000001c716e9b380_0, 0, 3;
    %jmp T_0.43;
T_0.41 ;
    %pushi/vec4 9, 0, 5;
    %store/vec4 v000001c716e9cf00_0, 0, 5;
    %load/vec4 v000001c716e9c6e0_0;
    %flag_set/vec4 8;
    %jmp/0 T_0.54, 8;
    %pushi/vec4 1, 0, 3;
    %jmp/1 T_0.55, 8;
T_0.54 ; End of true expr.
    %pushi/vec4 0, 0, 3;
    %jmp/0 T_0.55, 8;
 ; End of false expr.
    %blend;
T_0.55;
    %store/vec4 v000001c716e9b380_0, 0, 3;
    %jmp T_0.43;
T_0.43 ;
    %pop/vec4 1;
    %jmp T_0.9;
T_0.6 ;
    %pushi/vec4 1, 0, 1;
    %store/vec4 v000001c716e9d040_0, 0, 1;
    %pushi/vec4 1, 0, 6;
    %store/vec4 v000001c716e9c640_0, 0, 6;
    %pushi/vec4 2, 0, 3;
    %store/vec4 v000001c716e9b380_0, 0, 3;
    %pushi/vec4 2, 0, 2;
    %store/vec4 v000001c716e9c1e0_0, 0, 2;
    %jmp T_0.9;
T_0.7 ;
    %pushi/vec4 1, 0, 1;
    %store/vec4 v000001c716e9d040_0, 0, 1;
    %pushi/vec4 1, 0, 1;
    %store/vec4 v000001c716e9c960_0, 0, 1;
    %pushi/vec4 16, 0, 6;
    %store/vec4 v000001c716e9c640_0, 0, 6;
    %pushi/vec4 3, 0, 5;
    %store/vec4 v000001c716e9cf00_0, 0, 5;
    %pushi/vec4 4, 0, 3;
    %store/vec4 v000001c716e9b380_0, 0, 3;
    %pushi/vec4 2, 0, 2;
    %store/vec4 v000001c716e9c1e0_0, 0, 2;
    %jmp T_0.9;
T_0.9 ;
    %pop/vec4 1;
    %jmp T_0;
    .thread T_0, $push;
    .scope S_000001c716a941f0;
T_1 ;
    %wait E_000001c716ad41c0;
    %load/vec4 v000001c716e9c780_0;
    %dup/vec4;
    %pushi/vec4 16, 0, 6;
    %cmp/u;
    %jmp/1 T_1.0, 6;
    %dup/vec4;
    %pushi/vec4 8, 0, 6;
    %cmp/u;
    %jmp/1 T_1.1, 6;
    %dup/vec4;
    %pushi/vec4 4, 0, 6;
    %cmp/u;
    %jmp/1 T_1.2, 6;
    %dup/vec4;
    %pushi/vec4 2, 0, 6;
    %cmp/u;
    %jmp/1 T_1.3, 6;
    %dup/vec4;
    %pushi/vec4 1, 0, 6;
    %cmp/u;
    %jmp/1 T_1.4, 6;
    %pushi/vec4 0, 0, 32;
    %assign/vec4 v000001c716e9b1a0_0, 0;
    %jmp T_1.6;
T_1.0 ;
    %load/vec4 v000001c716e9caa0_0;
    %parti/s 1, 11, 5;
    %replicate 20;
    %load/vec4 v000001c716e9caa0_0;
    %concat/vec4; draw_concat_vec4
    %assign/vec4 v000001c716e9b1a0_0, 0;
    %jmp T_1.6;
T_1.1 ;
    %load/vec4 v000001c716e9c280_0;
    %parti/s 1, 11, 5;
    %replicate 20;
    %load/vec4 v000001c716e9c280_0;
    %concat/vec4; draw_concat_vec4
    %assign/vec4 v000001c716e9b1a0_0, 0;
    %jmp T_1.6;
T_1.2 ;
    %load/vec4 v000001c716e9bc40_0;
    %parti/s 1, 11, 5;
    %replicate 19;
    %load/vec4 v000001c716e9bc40_0;
    %concat/vec4; draw_concat_vec4
    %concati/vec4 0, 0, 1;
    %assign/vec4 v000001c716e9b1a0_0, 0;
    %jmp T_1.6;
T_1.3 ;
    %load/vec4 v000001c716e9be20_0;
    %concati/vec4 0, 0, 12;
    %assign/vec4 v000001c716e9b1a0_0, 0;
    %jmp T_1.6;
T_1.4 ;
    %load/vec4 v000001c716e9cdc0_0;
    %parti/s 1, 19, 6;
    %replicate 21;
    %load/vec4 v000001c716e9cdc0_0;
    %concat/vec4; draw_concat_vec4
    %concati/vec4 0, 0, 1;
    %pad/u 32;
    %assign/vec4 v000001c716e9b1a0_0, 0;
    %jmp T_1.6;
T_1.6 ;
    %pop/vec4 1;
    %jmp T_1;
    .thread T_1, $push;
    .scope S_000001c716a94380;
T_2 ;
    %wait E_000001c716ad4b00;
    %load/vec4 v000001c716e9dbb0_0;
    %flag_set/vec4 8;
    %jmp/0xz  T_2.0, 8;
    %pushi/vec4 1, 0, 32;
    %store/vec4 v000001c716e9ded0_0, 0, 32;
T_2.2 ;
    %load/vec4 v000001c716e9ded0_0;
    %cmpi/s 32, 0, 32;
    %jmp/0xz T_2.3, 5;
    %pushi/vec4 0, 0, 32;
    %ix/getv/s 3, v000001c716e9ded0_0;
    %ix/load 4, 0, 0; Constant delay
    %assign/vec4/a/d v000001c716e9e6f0, 0, 4;
    %load/vec4 v000001c716e9ded0_0;
    %addi 1, 0, 32;
    %store/vec4 v000001c716e9ded0_0, 0, 32;
    %jmp T_2.2;
T_2.3 ;
    %jmp T_2.1;
T_2.0 ;
    %load/vec4 v000001c716e9cc80_0;
    %flag_set/vec4 8;
    %jmp/0xz  T_2.4, 8;
    %load/vec4 v000001c716e9c140_0;
    %cmpi/ne 0, 0, 5;
    %jmp/0xz  T_2.6, 4;
    %load/vec4 v000001c716e9bce0_0;
    %load/vec4 v000001c716e9c140_0;
    %pad/u 7;
    %ix/vec4 3;
    %ix/load 4, 0, 0; Constant delay
    %assign/vec4/a/d v000001c716e9e6f0, 0, 4;
T_2.6 ;
T_2.4 ;
T_2.1 ;
    %jmp T_2;
    .thread T_2;
    .scope S_000001c716aab010;
T_3 ;
    %wait E_000001c716ad4980;
    %load/vec4 v000001c716ae2370_0;
    %dup/vec4;
    %pushi/vec4 1, 0, 5;
    %cmp/u;
    %jmp/1 T_3.0, 6;
    %dup/vec4;
    %pushi/vec4 3, 0, 5;
    %cmp/u;
    %jmp/1 T_3.1, 6;
    %dup/vec4;
    %pushi/vec4 4, 0, 5;
    %cmp/u;
    %jmp/1 T_3.2, 6;
    %dup/vec4;
    %pushi/vec4 5, 0, 5;
    %cmp/u;
    %jmp/1 T_3.3, 6;
    %dup/vec4;
    %pushi/vec4 6, 0, 5;
    %cmp/u;
    %jmp/1 T_3.4, 6;
    %dup/vec4;
    %pushi/vec4 7, 0, 5;
    %cmp/u;
    %jmp/1 T_3.5, 6;
    %dup/vec4;
    %pushi/vec4 8, 0, 5;
    %cmp/u;
    %jmp/1 T_3.6, 6;
    %dup/vec4;
    %pushi/vec4 9, 0, 5;
    %cmp/u;
    %jmp/1 T_3.7, 6;
    %dup/vec4;
    %pushi/vec4 10, 0, 5;
    %cmp/u;
    %jmp/1 T_3.8, 6;
    %dup/vec4;
    %pushi/vec4 11, 0, 5;
    %cmp/u;
    %jmp/1 T_3.9, 6;
    %dup/vec4;
    %pushi/vec4 12, 0, 5;
    %cmp/u;
    %jmp/1 T_3.10, 6;
    %dup/vec4;
    %pushi/vec4 13, 0, 5;
    %cmp/u;
    %jmp/1 T_3.11, 6;
    %dup/vec4;
    %pushi/vec4 14, 0, 5;
    %cmp/u;
    %jmp/1 T_3.12, 6;
    %dup/vec4;
    %pushi/vec4 15, 0, 5;
    %cmp/u;
    %jmp/1 T_3.13, 6;
    %dup/vec4;
    %pushi/vec4 16, 0, 5;
    %cmp/u;
    %jmp/1 T_3.14, 6;
    %dup/vec4;
    %pushi/vec4 17, 0, 5;
    %cmp/u;
    %jmp/1 T_3.15, 6;
    %load/vec4 v000001c716ae3c70_0;
    %store/vec4 v000001c716ae38b0_0, 0, 32;
    %jmp T_3.17;
T_3.0 ;
    %load/vec4 v000001c716ae3810_0;
    %store/vec4 v000001c716ae38b0_0, 0, 32;
    %jmp T_3.17;
T_3.1 ;
    %load/vec4 v000001c716ae3c70_0;
    %load/vec4 v000001c716ae3810_0;
    %add;
    %store/vec4 v000001c716ae38b0_0, 0, 32;
    %jmp T_3.17;
T_3.2 ;
    %load/vec4 v000001c716ae3c70_0;
    %load/vec4 v000001c716ae3810_0;
    %sub;
    %store/vec4 v000001c716ae38b0_0, 0, 32;
    %jmp T_3.17;
T_3.3 ;
    %load/vec4 v000001c716ae3c70_0;
    %load/vec4 v000001c716ae3810_0;
    %cmp/ne;
    %flag_get/vec4 4;
    %pad/u 32;
    %store/vec4 v000001c716ae38b0_0, 0, 32;
    %jmp T_3.17;
T_3.4 ;
    %load/vec4 v000001c716ae3c70_0;
    %load/vec4 v000001c716ae3810_0;
    %cmp/s;
    %flag_get/vec4 5;
    %pad/u 32;
    %store/vec4 v000001c716ae38b0_0, 0, 32;
    %jmp T_3.17;
T_3.5 ;
    %load/vec4 v000001c716ae3810_0;
    %load/vec4 v000001c716ae3c70_0;
    %cmp/s;
    %flag_get/vec4 4;
    %flag_get/vec4 5;
    %or;
    %pad/u 32;
    %store/vec4 v000001c716ae38b0_0, 0, 32;
    %jmp T_3.17;
T_3.6 ;
    %load/vec4 v000001c716ae3c70_0;
    %load/vec4 v000001c716ae3810_0;
    %cmp/u;
    %flag_get/vec4 5;
    %pad/u 32;
    %store/vec4 v000001c716ae38b0_0, 0, 32;
    %jmp T_3.17;
T_3.7 ;
    %load/vec4 v000001c716ae3810_0;
    %load/vec4 v000001c716ae3c70_0;
    %cmp/u;
    %flag_get/vec4 4;
    %flag_get/vec4 5;
    %or;
    %pad/u 32;
    %store/vec4 v000001c716ae38b0_0, 0, 32;
    %jmp T_3.17;
T_3.8 ;
    %load/vec4 v000001c716ae3c70_0;
    %load/vec4 v000001c716ae3810_0;
    %cmp/s;
    %flag_mov 8, 5;
    %jmp/0 T_3.18, 8;
    %pushi/vec4 1, 0, 32;
    %jmp/1 T_3.19, 8;
T_3.18 ; End of true expr.
    %pushi/vec4 0, 0, 32;
    %jmp/0 T_3.19, 8;
 ; End of false expr.
    %blend;
T_3.19;
    %store/vec4 v000001c716ae38b0_0, 0, 32;
    %jmp T_3.17;
T_3.9 ;
    %load/vec4 v000001c716ae3c70_0;
    %load/vec4 v000001c716ae3810_0;
    %cmp/u;
    %flag_mov 8, 5;
    %jmp/0 T_3.20, 8;
    %pushi/vec4 1, 0, 32;
    %jmp/1 T_3.21, 8;
T_3.20 ; End of true expr.
    %pushi/vec4 0, 0, 32;
    %jmp/0 T_3.21, 8;
 ; End of false expr.
    %blend;
T_3.21;
    %store/vec4 v000001c716ae38b0_0, 0, 32;
    %jmp T_3.17;
T_3.10 ;
    %load/vec4 v000001c716ae3c70_0;
    %load/vec4 v000001c716ae3810_0;
    %xor;
    %store/vec4 v000001c716ae38b0_0, 0, 32;
    %jmp T_3.17;
T_3.11 ;
    %load/vec4 v000001c716ae3c70_0;
    %load/vec4 v000001c716ae3810_0;
    %or;
    %store/vec4 v000001c716ae38b0_0, 0, 32;
    %jmp T_3.17;
T_3.12 ;
    %load/vec4 v000001c716ae3c70_0;
    %load/vec4 v000001c716ae3810_0;
    %and;
    %store/vec4 v000001c716ae38b0_0, 0, 32;
    %jmp T_3.17;
T_3.13 ;
    %load/vec4 v000001c716ae3c70_0;
    %load/vec4 v000001c716ae3810_0;
    %parti/s 5, 0, 2;
    %ix/vec4 4;
    %shiftl 4;
    %store/vec4 v000001c716ae38b0_0, 0, 32;
    %jmp T_3.17;
T_3.14 ;
    %load/vec4 v000001c716ae3c70_0;
    %load/vec4 v000001c716ae3810_0;
    %parti/s 5, 0, 2;
    %ix/vec4 4;
    %shiftr 4;
    %store/vec4 v000001c716ae38b0_0, 0, 32;
    %jmp T_3.17;
T_3.15 ;
    %load/vec4 v000001c716ae3c70_0;
    %load/vec4 v000001c716ae3810_0;
    %parti/s 5, 0, 2;
    %ix/vec4 4;
    %shiftr/s 4;
    %store/vec4 v000001c716ae38b0_0, 0, 32;
    %jmp T_3.17;
T_3.17 ;
    %pop/vec4 1;
    %jmp T_3;
    .thread T_3, $push;
    .scope S_000001c716afbe90;
T_4 ;
    %wait E_000001c716ad4b00;
    %load/vec4 v000001c716ea4180_0;
    %flag_set/vec4 8;
    %jmp/0xz  T_4.0, 8;
    %pushi/vec4 0, 0, 32;
    %assign/vec4 v000001c716ea44a0_0, 0;
    %pushi/vec4 0, 0, 1;
    %assign/vec4 v000001c716ea27b0_0, 0;
    %pushi/vec4 0, 0, 32;
    %assign/vec4 v000001c716ea2170_0, 0;
    %pushi/vec4 0, 0, 32;
    %assign/vec4 v000001c716ea1d10_0, 0;
    %pushi/vec4 0, 0, 32;
    %assign/vec4 v000001c716ea19f0_0, 0;
    %pushi/vec4 0, 0, 1;
    %assign/vec4 v000001c716ea2e90_0, 0;
    %pushi/vec4 0, 0, 1;
    %assign/vec4 v000001c716ea07a0_0, 0;
    %pushi/vec4 0, 0, 1;
    %assign/vec4 v000001c716ea45e0_0, 0;
    %jmp T_4.1;
T_4.0 ;
    %load/vec4 v000001c716ea4a40_0;
    %flag_set/vec4 8;
    %jmp/0xz  T_4.2, 8;
    %load/vec4 v000001c716ea3320_0;
    %assign/vec4 v000001c716ea44a0_0, 0;
    %jmp T_4.3;
T_4.2 ;
    %load/vec4 v000001c716ea1a90_0;
    %nor/r;
    %flag_set/vec4 8;
    %jmp/0xz  T_4.4, 8;
    %load/vec4 v000001c716ea2710_0;
    %assign/vec4 v000001c716ea44a0_0, 0;
T_4.4 ;
T_4.3 ;
    %load/vec4 v000001c716ea4a40_0;
    %flag_set/vec4 8;
    %jmp/0xz  T_4.6, 8;
    %pushi/vec4 0, 0, 1;
    %assign/vec4 v000001c716ea27b0_0, 0;
    %jmp T_4.7;
T_4.6 ;
    %load/vec4 v000001c716ea1a90_0;
    %nor/r;
    %flag_set/vec4 8;
    %jmp/0xz  T_4.8, 8;
    %load/vec4 v000001c716ea44a0_0;
    %assign/vec4 v000001c716ea2170_0, 0;
    %load/vec4 v000001c716ea2710_0;
    %assign/vec4 v000001c716ea1d10_0, 0;
    %load/vec4 v000001c716ea2f30_0;
    %assign/vec4 v000001c716ea19f0_0, 0;
    %pushi/vec4 1, 0, 1;
    %assign/vec4 v000001c716ea27b0_0, 0;
T_4.8 ;
T_4.7 ;
    %load/vec4 v000001c716ea4a40_0;
    %flag_set/vec4 8;
    %jmp/1 T_4.13, 8;
    %load/vec4 v000001c716ea1a90_0;
    %flag_set/vec4 9;
    %flag_or 8, 9;
T_4.13;
    %jmp/1 T_4.12, 8;
    %load/vec4 v000001c716ea27b0_0;
    %nor/r;
    %flag_set/vec4 9;
    %flag_or 8, 9;
T_4.12;
    %jmp/0xz  T_4.10, 8;
    %pushi/vec4 0, 0, 1;
    %assign/vec4 v000001c716ea2e90_0, 0;
    %jmp T_4.11;
T_4.10 ;
    %pushi/vec4 1, 0, 1;
    %assign/vec4 v000001c716ea2e90_0, 0;
    %load/vec4 v000001c716ea2170_0;
    %assign/vec4 v000001c716ea1630_0, 0;
    %load/vec4 v000001c716ea1d10_0;
    %assign/vec4 v000001c716ea2210_0, 0;
    %load/vec4 v000001c716ea1ef0_0;
    %assign/vec4 v000001c716ea2670_0, 0;
    %load/vec4 v000001c716ea20d0_0;
    %assign/vec4 v000001c716ea1810_0, 0;
    %load/vec4 v000001c716ea2b70_0;
    %assign/vec4 v000001c716ea2c10_0, 0;
    %load/vec4 v000001c716ea2d50_0;
    %assign/vec4 v000001c716ea1950_0, 0;
    %load/vec4 v000001c716ea1f90_0;
    %assign/vec4 v000001c716ea2df0_0, 0;
    %load/vec4 v000001c716ea1b30_0;
    %assign/vec4 v000001c716ea1450_0, 0;
    %load/vec4 v000001c716ea0d40_0;
    %assign/vec4 v000001c716ea14f0_0, 0;
    %load/vec4 v000001c716ea2fd0_0;
    %assign/vec4 v000001c716ea1e50_0, 0;
    %load/vec4 v000001c716ea28f0_0;
    %assign/vec4 v000001c716ea18b0_0, 0;
    %load/vec4 v000001c716ea25d0_0;
    %assign/vec4 v000001c716ea2cb0_0, 0;
    %load/vec4 v000001c716ea2490_0;
    %assign/vec4 v000001c716ea3070_0, 0;
    %load/vec4 v000001c716ea23f0_0;
    %assign/vec4 v000001c716ea2990_0, 0;
    %load/vec4 v000001c716ea2530_0;
    %assign/vec4 v000001c716ea1bd0_0, 0;
    %load/vec4 v000001c716ea1310_0;
    %assign/vec4 v000001c716ea1590_0, 0;
T_4.11 ;
    %load/vec4 v000001c716ea2e90_0;
    %assign/vec4 v000001c716ea07a0_0, 0;
    %load/vec4 v000001c716e9f800_0;
    %assign/vec4 v000001c716e9ff80_0, 0;
    %load/vec4 v000001c716ea0de0_0;
    %assign/vec4 v000001c716ea0520_0, 0;
    %load/vec4 v000001c716ea2210_0;
    %assign/vec4 v000001c716e9fb20_0, 0;
    %load/vec4 v000001c716ea1450_0;
    %assign/vec4 v000001c716ea0020_0, 0;
    %load/vec4 v000001c716ea18b0_0;
    %assign/vec4 v000001c716ea0480_0, 0;
    %load/vec4 v000001c716ea2cb0_0;
    %flag_set/vec4 8;
    %flag_get/vec4 8;
    %jmp/0 T_4.14, 8;
    %load/vec4 v000001c716ea4a40_0;
    %nor/r;
    %and;
T_4.14;
    %assign/vec4 v000001c716e9f9e0_0, 0;
    %load/vec4 v000001c716ea3070_0;
    %assign/vec4 v000001c716ea0b60_0, 0;
    %load/vec4 v000001c716ea07a0_0;
    %assign/vec4 v000001c716ea45e0_0, 0;
    %load/vec4 v000001c716e9ff80_0;
    %assign/vec4 v000001c716ea1db0_0, 0;
    %load/vec4 v000001c716e9d4d0_0;
    %assign/vec4 v000001c716ea4900_0, 0;
    %load/vec4 v000001c716e9fb20_0;
    %assign/vec4 v000001c716ea4cc0_0, 0;
    %load/vec4 v000001c716ea0020_0;
    %assign/vec4 v000001c716ea42c0_0, 0;
    %load/vec4 v000001c716ea0480_0;
    %assign/vec4 v000001c716ea40e0_0, 0;
    %load/vec4 v000001c716ea0b60_0;
    %assign/vec4 v000001c716ea3f00_0, 0;
T_4.1 ;
    %jmp T_4;
    .thread T_4;
    .scope S_000001c716afbd00;
T_5 ;
    %wait E_000001c716ad46c0;
    %load/vec4 v000001c716ae31d0_0;
    %flag_set/vec4 8;
    %jmp/0xz  T_5.0, 8;
    %load/vec4 v000001c716ae2690_0;
    %load/vec4 v000001c716ae3450_0;
    %parti/s 7, 2, 3;
    %pad/u 9;
    %ix/vec4 3;
    %ix/load 4, 0, 0; Constant delay
    %assign/vec4/a/d v000001c716ae34f0, 0, 4;
T_5.0 ;
    %jmp T_5;
    .thread T_5;
    .scope S_000001c716afbd00;
T_6 ;
    %wait E_000001c716ad4200;
    %load/vec4 v000001c716ae3450_0;
    %parti/s 7, 2, 3;
    %pad/u 9;
    %ix/vec4 4;
    %load/vec4a v000001c716ae34f0, 4;
    %assign/vec4 v000001c716ae2d70_0, 0;
    %jmp T_6;
    .thread T_6, $push;
    .scope S_000001c716afedb0;
T_7 ;
    %vpi_call/w 11 6 "$readmemh", "rv32_sid_sort_sim.dat", v000001c716ea4ae0 {0 0 0};
    %end;
    .thread T_7;
    .scope S_000001c716afb620;
T_8 ;
    %vpi_call/w 3 7 "$readmemh", "riscv_sidascsorting_sim.dat", v000001c716ea4ae0 {0 0 0};
    %pushi/vec4 0, 0, 32;
    %store/vec4 v000001c716ea4d60_0, 0, 32;
T_8.0 ;
    %load/vec4 v000001c716ea4d60_0;
    %cmpi/s 128, 0, 32;
    %jmp/0xz T_8.1, 5;
    %pushi/vec4 0, 0, 32;
    %ix/getv/s 4, v000001c716ea4d60_0;
    %store/vec4a v000001c716ae34f0, 4, 0;
    %load/vec4 v000001c716ea4d60_0;
    %addi 1, 0, 32;
    %store/vec4 v000001c716ea4d60_0, 0, 32;
    %jmp T_8.0;
T_8.1 ;
    %pushi/vec4 1, 0, 1;
    %store/vec4 v000001c716ea3dc0_0, 0, 1;
    %pushi/vec4 1, 0, 1;
    %store/vec4 v000001c716ea31e0_0, 0, 1;
    %pushi/vec4 0, 0, 32;
    %store/vec4 v000001c716ea4360_0, 0, 32;
    %delay 10, 0;
    %pushi/vec4 0, 0, 1;
    %store/vec4 v000001c716ea31e0_0, 0, 1;
    %end;
    .thread T_8;
    .scope S_000001c716afb620;
T_9 ;
    %delay 5, 0;
    %load/vec4 v000001c716ea3dc0_0;
    %inv;
    %store/vec4 v000001c716ea3dc0_0, 0, 1;
    %jmp T_9;
    .thread T_9;
    .scope S_000001c716afb620;
T_10 ;
    %vpi_call/w 3 13 "$dumpfile", "pipe_official_sort.vcd" {0 0 0};
    %vpi_call/w 3 13 "$dumpvars", 32'sb00000000000000000000000000000000, S_000001c716afb620 {0 0 0};
    %delay 100000, 0;
    %load/vec4 v000001c716ea3280_0;
    %cmpi/ne 1418147120, 0, 32;
    %jmp/0xz  T_10.0, 6;
    %vpi_call/w 3 15 "$display", "[FAIL] pipe original expected 54873530 got %h", v000001c716ea3280_0 {0 0 0};
    %load/vec4 v000001c716ea4360_0;
    %addi 1, 0, 32;
    %store/vec4 v000001c716ea4360_0, 0, 32;
T_10.0 ;
    %load/vec4 v000001c716ea3460_0;
    %cmpi/ne 53761400, 0, 32;
    %jmp/0xz  T_10.2, 6;
    %vpi_call/w 3 16 "$display", "[FAIL] pipe sorted expected 03345578 got %h", v000001c716ea3460_0 {0 0 0};
    %load/vec4 v000001c716ea4360_0;
    %addi 1, 0, 32;
    %store/vec4 v000001c716ea4360_0, 0, 32;
T_10.2 ;
    %vpi_call/w 3 17 "$display", "[RESULT] pipe_official_original=%h", v000001c716ea3280_0 {0 0 0};
    %vpi_call/w 3 18 "$display", "[RESULT] pipe_official_sorted=%h", v000001c716ea3460_0 {0 0 0};
    %load/vec4 v000001c716ea4360_0;
    %cmpi/e 0, 0, 32;
    %jmp/0xz  T_10.4, 4;
    %vpi_call/w 3 19 "$display", "[PASS] pipeline official sid sorting simulation passed." {0 0 0};
    %jmp T_10.5;
T_10.4 ;
    %vpi_call/w 3 20 "$display", "[FAIL] pipeline official sid sorting simulation failed with %0d error(s).", v000001c716ea4360_0 {0 0 0};
T_10.5 ;
    %delay 20, 0;
    %vpi_call/w 3 21 "$finish" {0 0 0};
    %end;
    .thread T_10;
# The file index is used to find the file name in the following table.
:file_names 12;
    "N/A";
    "<interactive>";
    "-";
    "pipe_official_sort_tb.v";
    "pipecomp.v";
    "dm.v";
    "PipeCPU.v";
    "alu.v";
    "ctrl.v";
    "EXT.v";
    "RF.v";
    "im.v";
